4.5792 	INFO 	Loaded monitor calibration from ['2019_04_24 15:23']
4.8458 	EXP 	Created window1 = Window(allowGUI=False, allowStencil=False, args=UNKNOWN, autoLog=True, bitsMode=UNKNOWN, blendMode='avg', color=array([1., 1., 1.]), colorSpace='rgb', fullscr=<method-wrapper '__getattribute__' of attributeSetter object at 0x7fcfb80bde10>, gamma=None, gammaErrorPolicy='raise', kwargs=UNKNOWN, lms=UNKNOWN, monitor=<psychopy.monitors.calibTools.Monitor object at 0x7fcfb7ef5518>, multiSample=False, name='window1', numSamples=2, pos=[640.0, 360.0], screen=0, size=array([5120, 2880]), stereo=False, units='height', useFBO=True, useRetina=True, viewOri=0.0, viewPos=None, viewScale=None, waitBlanking=True, winType='pyglet')
4.8459 	EXP 	window1: recordFrameIntervals = False
4.8885 	EXP 	window1: recordFrameIntervals = True
4.9352 	DEBUG 	Screen (0) actual frame rate measured at 236.88
4.9352 	EXP 	window1: recordFrameIntervals = False
5.8099 	EXP 	Created text_14 = TextStim(__class__=<class 'psychopy.visual.text.TextStim'>, alignHoriz='center', alignVert='center', antialias=True, autoLog=True, bold=False, color='white', colorSpace='named', contrast=1.0, depth=0.0, flipHoriz=False, flipVert=False, font='Arial', fontFiles=[], height=0.1, italic=False, languageStyle='LTR', name='text_14', opacity=1.0, ori=0, pos=array([0., 0.]), rgb=array([255., 255., 255.]), text='', units='height', win=Window(...), wrapWidth=1)
5.8506 	EXP 	Created study_instructions = TextStim(__class__=<class 'psychopy.visual.text.TextStim'>, alignHoriz='center', alignVert='center', antialias=True, autoLog=True, bold=False, color=array([-1., -1., -1.]), colorSpace='rgb', contrast=1.0, depth=0.0, flipHoriz=False, flipVert=False, font='Arial', fontFiles=[], height=0.025, italic=False, languageStyle='LTR', name='study_instructions', opacity=1.0, ori=0, pos=array([ 0.5, -0.5]), rgb=array([-1., -1., -1.]), text=str(...), units='height', win=Window(...), wrapWidth=1)
6.1382 	EXP 	Created study_outdoor_selected = ImageStim(__class__=<class 'psychopy.visual.image.ImageStim'>, autoLog=True, color=array([1., 1., 1.]), colorSpace='rgb', contrast=1.0, depth=0.0, flipHoriz=False, flipVert=False, image='all_images/outdoor_selected.png', interpolate=True, mask=None, maskParams=None, name='study_outdoor_selected', opacity=0.0, ori=0.0, pos=array([0., 0.]), size=array([1., 1.]), texRes=512, units='height', win=Window(...))
6.1429 	EXP 	Created study_outdoor = ImageStim(__class__=<class 'psychopy.visual.image.ImageStim'>, autoLog=True, color=array([1., 1., 1.]), colorSpace='rgb', contrast=1.0, depth=-1.0, flipHoriz=False, flipVert=False, image='all_images/outdoor_unselected.png', interpolate=True, mask=None, maskParams=None, name='study_outdoor', opacity=1.0, ori=0.0, pos=array([0., 0.]), size=array([1., 1.]), texRes=512, units='height', win=Window(...))
6.1479 	EXP 	Created study_indoor_selected = ImageStim(__class__=<class 'psychopy.visual.image.ImageStim'>, autoLog=True, color=array([1., 1., 1.]), colorSpace='rgb', contrast=1.0, depth=-2.0, flipHoriz=False, flipVert=False, image='all_images/indoor_selected.png', interpolate=True, mask=None, maskParams=None, name='study_indoor_selected', opacity=0.0, ori=0.0, pos=array([0., 0.]), size=array([1., 1.]), texRes=512, units='height', win=Window(...))
6.1524 	EXP 	Created study_indoor = ImageStim(__class__=<class 'psychopy.visual.image.ImageStim'>, autoLog=True, color=array([1., 1., 1.]), colorSpace='rgb', contrast=1.0, depth=-3.0, flipHoriz=False, flipVert=False, image='all_images/indoor_unselected.png', interpolate=True, mask=None, maskParams=None, name='study_indoor', opacity=1.0, ori=0.0, pos=array([0., 0.]), size=array([1., 1.]), texRes=512, units='height', win=Window(...))
6.1536 	EXP 	Created study_image_shown = ImageStim(__class__=<class 'psychopy.visual.image.ImageStim'>, autoLog=True, color=array([1., 1., 1.]), colorSpace='rgb', contrast=1.0, depth=-4.0, flipHoriz=False, flipVert=False, image='sin', interpolate=True, mask=None, maskParams=None, name='study_image_shown', opacity=1.0, ori=0.0, pos=array([0., 0.]), size=array([1., 1.]), texRes=512, units='norm', win=Window(...))
6.4200 	EXP 	Created text_14 = TextStim(__class__=<class 'psychopy.visual.text.TextStim'>, alignHoriz='center', alignVert='center', antialias=True, autoLog=True, bold=False, color='white', colorSpace='named', contrast=1.0, depth=0.0, flipHoriz=False, flipVert=False, font='Arial', fontFiles=[], height=0.1, italic=False, languageStyle='LTR', name='text_14', opacity=1.0, ori=0, pos=array([0., 0.]), rgb=array([255., 255., 255.]), text='', units='height', win=Window(...), wrapWidth=1)
6.4242 	EXP 	Created text_4 = TextStim(__class__=<class 'psychopy.visual.text.TextStim'>, alignHoriz='center', alignVert='center', antialias=True, autoLog=True, bold=False, color=array([-1., -1., -1.]), colorSpace='rgb', contrast=1.0, depth=0.0, flipHoriz=False, flipVert=False, font='Arial', fontFiles=[], height=0.025, italic=False, languageStyle='LTR', name='text_4', opacity=1.0, ori=0, pos=array([0., 0.]), rgb=array([-1., -1., -1.]), text=str(...), units='height', win=Window(...), wrapWidth=1)
6.7021 	EXP 	text_14: autoDraw = True
7.7073 	EXP 	text_14: autoDraw = False
7.7073 	EXP 	text_14: autoDraw = False
7.7073 	EXP 	study_instructions: autoDraw = True
21.3044 	DATA 	Keypress: escape
21.9709 	EXP 	window1: mouseVisible = True
21.9711 	DEBUG 	Saving data for BLAES_MST_encoding ExperimentHandler
21.9717 	INFO 	saved data to /Users/martinahollearn/Desktop/INMAN LAB/AMME/Aim 1/MST/BLAES_imageset/data/999_BLAES_MST_encoding_2022_Jan_09_1311.psydat
21.9721 	INFO 	saved data to '/Users/martinahollearn/Desktop/INMAN LAB/AMME/Aim 1/MST/BLAES_imageset/data/999_BLAES_MST_encoding_2022_Jan_09_1311.csv'
