5.2461 	INFO 	Loaded monitor calibration from ['2019_04_24 15:23']
5.5308 	EXP 	Created window1 = Window(allowGUI=False, allowStencil=False, args=UNKNOWN, autoLog=True, bitsMode=UNKNOWN, blendMode='avg', color=array([1., 1., 1.]), colorSpace='rgb', fullscr=<method-wrapper '__getattribute__' of attributeSetter object at 0x7fd275cbde80>, gamma=None, gammaErrorPolicy='raise', kwargs=UNKNOWN, lms=UNKNOWN, monitor=<psychopy.monitors.calibTools.Monitor object at 0x7fd275ad7908>, multiSample=False, name='window1', numSamples=2, pos=[640.0, 360.0], screen=0, size=array([5120, 2880]), stereo=False, units='height', useFBO=True, useRetina=True, viewOri=0.0, viewPos=None, viewScale=None, waitBlanking=True, winType='pyglet')
5.5309 	EXP 	window1: recordFrameIntervals = False
5.5733 	EXP 	window1: recordFrameIntervals = True
5.6210 	DEBUG 	Screen (0) actual frame rate measured at 230.96
5.6211 	EXP 	window1: recordFrameIntervals = False
6.3946 	EXP 	Created text_14 = TextStim(__class__=<class 'psychopy.visual.text.TextStim'>, alignHoriz='center', alignVert='center', antialias=True, autoLog=True, bold=False, color='white', colorSpace='named', contrast=1.0, depth=0.0, flipHoriz=False, flipVert=False, font='Arial', fontFiles=[], height=0.1, italic=False, languageStyle='LTR', name='text_14', opacity=1.0, ori=0, pos=array([0., 0.]), rgb=array([255., 255., 255.]), text='', units='height', win=Window(...), wrapWidth=1)
6.4359 	EXP 	Created study_instructions = TextStim(__class__=<class 'psychopy.visual.text.TextStim'>, alignHoriz='center', alignVert='center', antialias=True, autoLog=True, bold=False, color=array([-1., -1., -1.]), colorSpace='rgb', contrast=1.0, depth=0.0, flipHoriz=False, flipVert=False, font='Arial', fontFiles=[], height=0.025, italic=False, languageStyle='LTR', name='study_instructions', opacity=1.0, ori=0, pos=array([0.5, 0.5]), rgb=array([-1., -1., -1.]), text=str(...), units='height', win=Window(...), wrapWidth=1)
6.7264 	EXP 	Created study_outdoor_selected = ImageStim(__class__=<class 'psychopy.visual.image.ImageStim'>, autoLog=True, color=array([1., 1., 1.]), colorSpace='rgb', contrast=1.0, depth=0.0, flipHoriz=False, flipVert=False, image='all_images/outdoor_selected.png', interpolate=True, mask=None, maskParams=None, name='study_outdoor_selected', opacity=0.0, ori=0.0, pos=array([0., 0.]), size=array([1., 1.]), texRes=512, units='height', win=Window(...))
6.7310 	EXP 	Created study_outdoor = ImageStim(__class__=<class 'psychopy.visual.image.ImageStim'>, autoLog=True, color=array([1., 1., 1.]), colorSpace='rgb', contrast=1.0, depth=-1.0, flipHoriz=False, flipVert=False, image='all_images/outdoor_unselected.png', interpolate=True, mask=None, maskParams=None, name='study_outdoor', opacity=1.0, ori=0.0, pos=array([0., 0.]), size=array([1., 1.]), texRes=512, units='height', win=Window(...))
6.7360 	EXP 	Created study_indoor_selected = ImageStim(__class__=<class 'psychopy.visual.image.ImageStim'>, autoLog=True, color=array([1., 1., 1.]), colorSpace='rgb', contrast=1.0, depth=-2.0, flipHoriz=False, flipVert=False, image='all_images/indoor_selected.png', interpolate=True, mask=None, maskParams=None, name='study_indoor_selected', opacity=0.0, ori=0.0, pos=array([0., 0.]), size=array([1., 1.]), texRes=512, units='height', win=Window(...))
6.7404 	EXP 	Created study_indoor = ImageStim(__class__=<class 'psychopy.visual.image.ImageStim'>, autoLog=True, color=array([1., 1., 1.]), colorSpace='rgb', contrast=1.0, depth=-3.0, flipHoriz=False, flipVert=False, image='all_images/indoor_unselected.png', interpolate=True, mask=None, maskParams=None, name='study_indoor', opacity=1.0, ori=0.0, pos=array([0., 0.]), size=array([1., 1.]), texRes=512, units='height', win=Window(...))
6.7416 	EXP 	Created study_image_shown = ImageStim(__class__=<class 'psychopy.visual.image.ImageStim'>, autoLog=True, color=array([1., 1., 1.]), colorSpace='rgb', contrast=1.0, depth=-4.0, flipHoriz=False, flipVert=False, image='sin', interpolate=True, mask=None, maskParams=None, name='study_image_shown', opacity=1.0, ori=0.0, pos=array([0., 0.]), size=array([1., 1.]), texRes=512, units='norm', win=Window(...))
7.0191 	EXP 	Created text_14 = TextStim(__class__=<class 'psychopy.visual.text.TextStim'>, alignHoriz='center', alignVert='center', antialias=True, autoLog=True, bold=False, color='white', colorSpace='named', contrast=1.0, depth=0.0, flipHoriz=False, flipVert=False, font='Arial', fontFiles=[], height=0.1, italic=False, languageStyle='LTR', name='text_14', opacity=1.0, ori=0, pos=array([0., 0.]), rgb=array([255., 255., 255.]), text='', units='height', win=Window(...), wrapWidth=1)
7.0236 	EXP 	Created text_4 = TextStim(__class__=<class 'psychopy.visual.text.TextStim'>, alignHoriz='center', alignVert='center', antialias=True, autoLog=True, bold=False, color=array([-1., -1., -1.]), colorSpace='rgb', contrast=1.0, depth=0.0, flipHoriz=False, flipVert=False, font='Arial', fontFiles=[], height=0.025, italic=False, languageStyle='LTR', name='text_4', opacity=1.0, ori=0, pos=array([0., 0.]), rgb=array([-1., -1., -1.]), text=str(...), units='height', win=Window(...), wrapWidth=1)
7.3134 	EXP 	text_14: autoDraw = True
8.3199 	EXP 	text_14: autoDraw = False
8.3199 	EXP 	text_14: autoDraw = False
8.3199 	EXP 	study_instructions: autoDraw = True
32.7002 	DATA 	Keypress: escape
33.3651 	EXP 	window1: mouseVisible = True
33.3652 	DEBUG 	Saving data for BLAES_MST_encoding ExperimentHandler
33.3659 	INFO 	saved data to /Users/martinahollearn/Desktop/INMAN LAB/AMME/Aim 1/MST/BLAES_imageset/data/999_BLAES_MST_encoding_2022_Jan_09_1310.psydat
33.3664 	INFO 	saved data to '/Users/martinahollearn/Desktop/INMAN LAB/AMME/Aim 1/MST/BLAES_imageset/data/999_BLAES_MST_encoding_2022_Jan_09_1310.csv'
