4.5427 	INFO 	Loaded monitor calibration from ['2019_04_24 15:23']
4.8135 	EXP 	Created window1 = Window(allowGUI=False, allowStencil=False, args=UNKNOWN, autoLog=True, bitsMode=UNKNOWN, blendMode='avg', color=array([1., 1., 1.]), colorSpace='rgb', fullscr=<method-wrapper '__getattribute__' of attributeSetter object at 0x7fb98ed7be10>, gamma=None, gammaErrorPolicy='raise', kwargs=UNKNOWN, lms=UNKNOWN, monitor=<psychopy.monitors.calibTools.Monitor object at 0x7fb98eb84898>, multiSample=False, name='window1', numSamples=2, pos=[640.0, 360.0], screen=0, size=array([5120, 2880]), stereo=False, units='height', useFBO=True, useRetina=True, viewOri=0.0, viewPos=None, viewScale=None, waitBlanking=True, winType='pyglet')
4.8135 	EXP 	window1: recordFrameIntervals = False
4.8556 	EXP 	window1: recordFrameIntervals = True
4.9024 	DEBUG 	Screen (0) actual frame rate measured at 235.75
4.9025 	EXP 	window1: recordFrameIntervals = False
5.6557 	EXP 	Created text_14 = TextStim(__class__=<class 'psychopy.visual.text.TextStim'>, alignHoriz='center', alignVert='center', antialias=True, autoLog=True, bold=False, color='white', colorSpace='named', contrast=1.0, depth=0.0, flipHoriz=False, flipVert=False, font='Arial', fontFiles=[], height=0.1, italic=False, languageStyle='LTR', name='text_14', opacity=1.0, ori=0, pos=array([0., 0.]), rgb=array([255., 255., 255.]), text='', units='height', win=Window(...), wrapWidth=1)
5.6963 	EXP 	Created study_instructions = TextStim(__class__=<class 'psychopy.visual.text.TextStim'>, alignHoriz='center', alignVert='center', antialias=True, autoLog=True, bold=False, color=array([-1., -1., -1.]), colorSpace='rgb', contrast=1.0, depth=0.0, flipHoriz=False, flipVert=False, font='Arial', fontFiles=[], height=0.025, italic=False, languageStyle='LTR', name='study_instructions', opacity=1.0, ori=0, pos=array([0.5, 0. ]), rgb=array([-1., -1., -1.]), text=str(...), units='height', win=Window(...), wrapWidth=1)
5.9845 	EXP 	Created study_outdoor_selected = ImageStim(__class__=<class 'psychopy.visual.image.ImageStim'>, autoLog=True, color=array([1., 1., 1.]), colorSpace='rgb', contrast=1.0, depth=0.0, flipHoriz=False, flipVert=False, image='all_images/outdoor_selected.png', interpolate=True, mask=None, maskParams=None, name='study_outdoor_selected', opacity=0.0, ori=0.0, pos=array([0., 0.]), size=array([1., 1.]), texRes=512, units='height', win=Window(...))
5.9922 	EXP 	Created study_outdoor = ImageStim(__class__=<class 'psychopy.visual.image.ImageStim'>, autoLog=True, color=array([1., 1., 1.]), colorSpace='rgb', contrast=1.0, depth=-1.0, flipHoriz=False, flipVert=False, image='all_images/outdoor_unselected.png', interpolate=True, mask=None, maskParams=None, name='study_outdoor', opacity=1.0, ori=0.0, pos=array([0., 0.]), size=array([1., 1.]), texRes=512, units='height', win=Window(...))
5.9982 	EXP 	Created study_indoor_selected = ImageStim(__class__=<class 'psychopy.visual.image.ImageStim'>, autoLog=True, color=array([1., 1., 1.]), colorSpace='rgb', contrast=1.0, depth=-2.0, flipHoriz=False, flipVert=False, image='all_images/indoor_selected.png', interpolate=True, mask=None, maskParams=None, name='study_indoor_selected', opacity=0.0, ori=0.0, pos=array([0., 0.]), size=array([1., 1.]), texRes=512, units='height', win=Window(...))
6.0033 	EXP 	Created study_indoor = ImageStim(__class__=<class 'psychopy.visual.image.ImageStim'>, autoLog=True, color=array([1., 1., 1.]), colorSpace='rgb', contrast=1.0, depth=-3.0, flipHoriz=False, flipVert=False, image='all_images/indoor_unselected.png', interpolate=True, mask=None, maskParams=None, name='study_indoor', opacity=1.0, ori=0.0, pos=array([0., 0.]), size=array([1., 1.]), texRes=512, units='height', win=Window(...))
6.0045 	EXP 	Created study_image_shown = ImageStim(__class__=<class 'psychopy.visual.image.ImageStim'>, autoLog=True, color=array([1., 1., 1.]), colorSpace='rgb', contrast=1.0, depth=-4.0, flipHoriz=False, flipVert=False, image='sin', interpolate=True, mask=None, maskParams=None, name='study_image_shown', opacity=1.0, ori=0.0, pos=array([0., 0.]), size=array([1., 1.]), texRes=512, units='norm', win=Window(...))
6.2756 	EXP 	Created text_14 = TextStim(__class__=<class 'psychopy.visual.text.TextStim'>, alignHoriz='center', alignVert='center', antialias=True, autoLog=True, bold=False, color='white', colorSpace='named', contrast=1.0, depth=0.0, flipHoriz=False, flipVert=False, font='Arial', fontFiles=[], height=0.1, italic=False, languageStyle='LTR', name='text_14', opacity=1.0, ori=0, pos=array([0., 0.]), rgb=array([255., 255., 255.]), text='', units='height', win=Window(...), wrapWidth=1)
6.2800 	EXP 	Created text_4 = TextStim(__class__=<class 'psychopy.visual.text.TextStim'>, alignHoriz='center', alignVert='center', antialias=True, autoLog=True, bold=False, color=array([-1., -1., -1.]), colorSpace='rgb', contrast=1.0, depth=0.0, flipHoriz=False, flipVert=False, font='Arial', fontFiles=[], height=0.025, italic=False, languageStyle='LTR', name='text_4', opacity=1.0, ori=0, pos=array([0., 0.]), rgb=array([-1., -1., -1.]), text=str(...), units='height', win=Window(...), wrapWidth=1)
6.5597 	EXP 	text_14: autoDraw = True
7.5640 	EXP 	text_14: autoDraw = False
7.5640 	EXP 	text_14: autoDraw = False
7.5640 	EXP 	study_instructions: autoDraw = True
11.6608 	EXP 	Created sequence: sequential, trialTypes=1, nReps=250, seed=None
11.6620 	EXP 	New trial (rep=0, index=0): None
11.6721 	DATA 	Keypress: space
11.6775 	EXP 	study_instructions: autoDraw = False
11.6775 	EXP 	study_outdoor_selected: pos = array([ 0.4, -0.4])
11.6775 	EXP 	study_outdoor_selected: size = array([0.2, 0.2])
11.6775 	EXP 	study_outdoor: pos = array([ 0.4, -0.4])
11.6775 	EXP 	study_outdoor: size = array([0.2, 0.2])
11.6775 	EXP 	study_indoor_selected: pos = array([-0.4, -0.4])
11.6775 	EXP 	study_indoor_selected: size = array([0.2, 0.2])
11.6775 	EXP 	study_indoor: pos = array([-0.4, -0.4])
11.6775 	EXP 	study_indoor: size = array([0.2, 0.2])
11.6775 	EXP 	study_image_shown: size = array([0.5, 0.7])
11.6775 	EXP 	study_image_shown: image = 'all_images/6_068a.jpg'
11.6775 	EXP 	study_outdoor_selected: autoDraw = True
11.6775 	EXP 	study_outdoor: autoDraw = True
11.6775 	EXP 	study_indoor_selected: autoDraw = True
11.6775 	EXP 	study_indoor: autoDraw = True
11.6775 	EXP 	study_image_shown: autoDraw = True
14.6890 	EXP 	study_outdoor_selected: autoDraw = False
14.6890 	EXP 	study_outdoor: autoDraw = False
14.6890 	EXP 	study_indoor_selected: autoDraw = False
14.6890 	EXP 	study_indoor: autoDraw = False
14.6890 	EXP 	study_image_shown: autoDraw = False
14.6890 	EXP 	study_outdoor_selected: autoDraw = False
14.6890 	EXP 	study_outdoor: autoDraw = False
14.6890 	EXP 	study_indoor_selected: autoDraw = False
14.6890 	EXP 	study_indoor: autoDraw = False
14.6890 	EXP 	study_image_shown: autoDraw = False
14.6890 	EXP 	study_indoor_selected: opacity = 0
14.6890 	EXP 	study_outdoor_selected: opacity = 0
14.6890 	EXP 	text_14: autoDraw = True
15.6906 	EXP 	New trial (rep=1, index=0): None
15.7017 	EXP 	text_14: autoDraw = False
15.7017 	EXP 	text_14: autoDraw = False
15.7017 	EXP 	study_outdoor_selected: pos = array([ 0.4, -0.4])
15.7017 	EXP 	study_outdoor_selected: size = array([0.2, 0.2])
15.7017 	EXP 	study_outdoor: pos = array([ 0.4, -0.4])
15.7017 	EXP 	study_outdoor: size = array([0.2, 0.2])
15.7017 	EXP 	study_indoor_selected: pos = array([-0.4, -0.4])
15.7017 	EXP 	study_indoor_selected: size = array([0.2, 0.2])
15.7017 	EXP 	study_indoor: pos = array([-0.4, -0.4])
15.7017 	EXP 	study_indoor: size = array([0.2, 0.2])
15.7017 	EXP 	study_image_shown: size = array([0.5, 0.7])
15.7017 	EXP 	study_image_shown: image = 'all_images/2_048a.jpg'
15.7017 	EXP 	study_outdoor_selected: autoDraw = True
15.7017 	EXP 	study_outdoor: autoDraw = True
15.7017 	EXP 	study_indoor_selected: autoDraw = True
15.7017 	EXP 	study_indoor: autoDraw = True
15.7017 	EXP 	study_image_shown: autoDraw = True
18.7121 	EXP 	study_outdoor_selected: autoDraw = False
18.7121 	EXP 	study_outdoor: autoDraw = False
18.7121 	EXP 	study_indoor_selected: autoDraw = False
18.7121 	EXP 	study_indoor: autoDraw = False
18.7121 	EXP 	study_image_shown: autoDraw = False
18.7121 	EXP 	study_outdoor_selected: autoDraw = False
18.7121 	EXP 	study_outdoor: autoDraw = False
18.7121 	EXP 	study_indoor_selected: autoDraw = False
18.7121 	EXP 	study_indoor: autoDraw = False
18.7121 	EXP 	study_image_shown: autoDraw = False
18.7121 	EXP 	study_indoor_selected: opacity = 0
18.7121 	EXP 	study_outdoor_selected: opacity = 0
18.7121 	EXP 	text_14: autoDraw = True
19.7119 	EXP 	New trial (rep=2, index=0): None
19.7235 	EXP 	text_14: autoDraw = False
19.7235 	EXP 	text_14: autoDraw = False
19.7235 	EXP 	study_outdoor_selected: pos = array([ 0.4, -0.4])
19.7235 	EXP 	study_outdoor_selected: size = array([0.2, 0.2])
19.7235 	EXP 	study_outdoor: pos = array([ 0.4, -0.4])
19.7235 	EXP 	study_outdoor: size = array([0.2, 0.2])
19.7235 	EXP 	study_indoor_selected: pos = array([-0.4, -0.4])
19.7235 	EXP 	study_indoor_selected: size = array([0.2, 0.2])
19.7235 	EXP 	study_indoor: pos = array([-0.4, -0.4])
19.7235 	EXP 	study_indoor: size = array([0.2, 0.2])
19.7235 	EXP 	study_image_shown: size = array([0.5, 0.7])
19.7235 	EXP 	study_image_shown: image = 'all_images/4_079a.jpg'
19.7235 	EXP 	study_outdoor_selected: autoDraw = True
19.7235 	EXP 	study_outdoor: autoDraw = True
19.7235 	EXP 	study_indoor_selected: autoDraw = True
19.7235 	EXP 	study_indoor: autoDraw = True
19.7235 	EXP 	study_image_shown: autoDraw = True
22.7347 	EXP 	study_outdoor_selected: autoDraw = False
22.7347 	EXP 	study_outdoor: autoDraw = False
22.7347 	EXP 	study_indoor_selected: autoDraw = False
22.7347 	EXP 	study_indoor: autoDraw = False
22.7347 	EXP 	study_image_shown: autoDraw = False
22.7347 	EXP 	study_outdoor_selected: autoDraw = False
22.7347 	EXP 	study_outdoor: autoDraw = False
22.7347 	EXP 	study_indoor_selected: autoDraw = False
22.7347 	EXP 	study_indoor: autoDraw = False
22.7347 	EXP 	study_image_shown: autoDraw = False
22.7347 	EXP 	study_indoor_selected: opacity = 0
22.7347 	EXP 	study_outdoor_selected: opacity = 0
22.7347 	EXP 	text_14: autoDraw = True
23.7338 	EXP 	New trial (rep=3, index=0): None
23.7458 	EXP 	text_14: autoDraw = False
23.7458 	EXP 	text_14: autoDraw = False
23.7458 	EXP 	study_outdoor_selected: pos = array([ 0.4, -0.4])
23.7458 	EXP 	study_outdoor_selected: size = array([0.2, 0.2])
23.7458 	EXP 	study_outdoor: pos = array([ 0.4, -0.4])
23.7458 	EXP 	study_outdoor: size = array([0.2, 0.2])
23.7458 	EXP 	study_indoor_selected: pos = array([-0.4, -0.4])
23.7458 	EXP 	study_indoor_selected: size = array([0.2, 0.2])
23.7458 	EXP 	study_indoor: pos = array([-0.4, -0.4])
23.7458 	EXP 	study_indoor: size = array([0.2, 0.2])
23.7458 	EXP 	study_image_shown: size = array([0.5, 0.7])
23.7458 	EXP 	study_image_shown: image = 'all_images/2_082a.jpg'
23.7458 	EXP 	study_outdoor_selected: autoDraw = True
23.7458 	EXP 	study_outdoor: autoDraw = True
23.7458 	EXP 	study_indoor_selected: autoDraw = True
23.7458 	EXP 	study_indoor: autoDraw = True
23.7458 	EXP 	study_image_shown: autoDraw = True
26.7590 	EXP 	study_outdoor_selected: autoDraw = False
26.7590 	EXP 	study_outdoor: autoDraw = False
26.7590 	EXP 	study_indoor_selected: autoDraw = False
26.7590 	EXP 	study_indoor: autoDraw = False
26.7590 	EXP 	study_image_shown: autoDraw = False
26.7590 	EXP 	study_outdoor_selected: autoDraw = False
26.7590 	EXP 	study_outdoor: autoDraw = False
26.7590 	EXP 	study_indoor_selected: autoDraw = False
26.7590 	EXP 	study_indoor: autoDraw = False
26.7590 	EXP 	study_image_shown: autoDraw = False
26.7590 	EXP 	study_indoor_selected: opacity = 0
26.7590 	EXP 	study_outdoor_selected: opacity = 0
26.7590 	EXP 	text_14: autoDraw = True
27.7582 	EXP 	New trial (rep=4, index=0): None
27.7698 	EXP 	text_14: autoDraw = False
27.7698 	EXP 	text_14: autoDraw = False
27.7698 	EXP 	study_outdoor_selected: pos = array([ 0.4, -0.4])
27.7698 	EXP 	study_outdoor_selected: size = array([0.2, 0.2])
27.7698 	EXP 	study_outdoor: pos = array([ 0.4, -0.4])
27.7698 	EXP 	study_outdoor: size = array([0.2, 0.2])
27.7698 	EXP 	study_indoor_selected: pos = array([-0.4, -0.4])
27.7698 	EXP 	study_indoor_selected: size = array([0.2, 0.2])
27.7698 	EXP 	study_indoor: pos = array([-0.4, -0.4])
27.7698 	EXP 	study_indoor: size = array([0.2, 0.2])
27.7698 	EXP 	study_image_shown: size = array([0.5, 0.7])
27.7698 	EXP 	study_image_shown: image = 'all_images/6_153a.jpg'
27.7698 	EXP 	study_outdoor_selected: autoDraw = True
27.7698 	EXP 	study_outdoor: autoDraw = True
27.7698 	EXP 	study_indoor_selected: autoDraw = True
27.7698 	EXP 	study_indoor: autoDraw = True
27.7698 	EXP 	study_image_shown: autoDraw = True
30.7797 	EXP 	study_outdoor_selected: autoDraw = False
30.7797 	EXP 	study_outdoor: autoDraw = False
30.7797 	EXP 	study_indoor_selected: autoDraw = False
30.7797 	EXP 	study_indoor: autoDraw = False
30.7797 	EXP 	study_image_shown: autoDraw = False
30.7797 	EXP 	study_outdoor_selected: autoDraw = False
30.7797 	EXP 	study_outdoor: autoDraw = False
30.7797 	EXP 	study_indoor_selected: autoDraw = False
30.7797 	EXP 	study_indoor: autoDraw = False
30.7797 	EXP 	study_image_shown: autoDraw = False
30.7797 	EXP 	study_indoor_selected: opacity = 0
30.7797 	EXP 	study_outdoor_selected: opacity = 0
30.7797 	EXP 	text_14: autoDraw = True
31.7793 	EXP 	New trial (rep=5, index=0): None
31.7892 	EXP 	text_14: autoDraw = False
31.7892 	EXP 	text_14: autoDraw = False
31.7892 	EXP 	study_outdoor_selected: pos = array([ 0.4, -0.4])
31.7892 	EXP 	study_outdoor_selected: size = array([0.2, 0.2])
31.7892 	EXP 	study_outdoor: pos = array([ 0.4, -0.4])
31.7892 	EXP 	study_outdoor: size = array([0.2, 0.2])
31.7892 	EXP 	study_indoor_selected: pos = array([-0.4, -0.4])
31.7892 	EXP 	study_indoor_selected: size = array([0.2, 0.2])
31.7892 	EXP 	study_indoor: pos = array([-0.4, -0.4])
31.7892 	EXP 	study_indoor: size = array([0.2, 0.2])
31.7892 	EXP 	study_image_shown: size = array([0.5, 0.7])
31.7892 	EXP 	study_image_shown: image = 'all_images/1_052a.jpg'
31.7892 	EXP 	study_outdoor_selected: autoDraw = True
31.7892 	EXP 	study_outdoor: autoDraw = True
31.7892 	EXP 	study_indoor_selected: autoDraw = True
31.7892 	EXP 	study_indoor: autoDraw = True
31.7892 	EXP 	study_image_shown: autoDraw = True
34.8003 	EXP 	study_outdoor_selected: autoDraw = False
34.8003 	EXP 	study_outdoor: autoDraw = False
34.8003 	EXP 	study_indoor_selected: autoDraw = False
34.8003 	EXP 	study_indoor: autoDraw = False
34.8003 	EXP 	study_image_shown: autoDraw = False
34.8003 	EXP 	study_outdoor_selected: autoDraw = False
34.8003 	EXP 	study_outdoor: autoDraw = False
34.8003 	EXP 	study_indoor_selected: autoDraw = False
34.8003 	EXP 	study_indoor: autoDraw = False
34.8003 	EXP 	study_image_shown: autoDraw = False
34.8003 	EXP 	study_indoor_selected: opacity = 0
34.8003 	EXP 	study_outdoor_selected: opacity = 0
34.8003 	EXP 	text_14: autoDraw = True
35.8019 	EXP 	New trial (rep=6, index=0): None
35.8168 	EXP 	text_14: autoDraw = False
35.8168 	EXP 	text_14: autoDraw = False
35.8168 	EXP 	study_outdoor_selected: pos = array([ 0.4, -0.4])
35.8168 	EXP 	study_outdoor_selected: size = array([0.2, 0.2])
35.8168 	EXP 	study_outdoor: pos = array([ 0.4, -0.4])
35.8168 	EXP 	study_outdoor: size = array([0.2, 0.2])
35.8168 	EXP 	study_indoor_selected: pos = array([-0.4, -0.4])
35.8168 	EXP 	study_indoor_selected: size = array([0.2, 0.2])
35.8168 	EXP 	study_indoor: pos = array([-0.4, -0.4])
35.8168 	EXP 	study_indoor: size = array([0.2, 0.2])
35.8168 	EXP 	study_image_shown: size = array([0.5, 0.7])
35.8168 	EXP 	study_image_shown: image = 'all_images/4_125a.jpg'
35.8168 	EXP 	study_outdoor_selected: autoDraw = True
35.8168 	EXP 	study_outdoor: autoDraw = True
35.8168 	EXP 	study_indoor_selected: autoDraw = True
35.8168 	EXP 	study_indoor: autoDraw = True
35.8168 	EXP 	study_image_shown: autoDraw = True
38.8270 	EXP 	study_outdoor_selected: autoDraw = False
38.8270 	EXP 	study_outdoor: autoDraw = False
38.8270 	EXP 	study_indoor_selected: autoDraw = False
38.8270 	EXP 	study_indoor: autoDraw = False
38.8270 	EXP 	study_image_shown: autoDraw = False
38.8270 	EXP 	study_outdoor_selected: autoDraw = False
38.8270 	EXP 	study_outdoor: autoDraw = False
38.8270 	EXP 	study_indoor_selected: autoDraw = False
38.8270 	EXP 	study_indoor: autoDraw = False
38.8270 	EXP 	study_image_shown: autoDraw = False
38.8270 	EXP 	study_indoor_selected: opacity = 0
38.8270 	EXP 	study_outdoor_selected: opacity = 0
38.8270 	EXP 	text_14: autoDraw = True
39.8275 	EXP 	New trial (rep=7, index=0): None
39.8402 	EXP 	text_14: autoDraw = False
39.8402 	EXP 	text_14: autoDraw = False
39.8402 	EXP 	study_outdoor_selected: pos = array([ 0.4, -0.4])
39.8402 	EXP 	study_outdoor_selected: size = array([0.2, 0.2])
39.8402 	EXP 	study_outdoor: pos = array([ 0.4, -0.4])
39.8402 	EXP 	study_outdoor: size = array([0.2, 0.2])
39.8402 	EXP 	study_indoor_selected: pos = array([-0.4, -0.4])
39.8402 	EXP 	study_indoor_selected: size = array([0.2, 0.2])
39.8402 	EXP 	study_indoor: pos = array([-0.4, -0.4])
39.8402 	EXP 	study_indoor: size = array([0.2, 0.2])
39.8402 	EXP 	study_image_shown: size = array([0.5, 0.7])
39.8402 	EXP 	study_image_shown: image = 'all_images/1_032a.jpg'
39.8402 	EXP 	study_outdoor_selected: autoDraw = True
39.8402 	EXP 	study_outdoor: autoDraw = True
39.8402 	EXP 	study_indoor_selected: autoDraw = True
39.8402 	EXP 	study_indoor: autoDraw = True
39.8402 	EXP 	study_image_shown: autoDraw = True
42.8505 	EXP 	study_outdoor_selected: autoDraw = False
42.8505 	EXP 	study_outdoor: autoDraw = False
42.8505 	EXP 	study_indoor_selected: autoDraw = False
42.8505 	EXP 	study_indoor: autoDraw = False
42.8505 	EXP 	study_image_shown: autoDraw = False
42.8505 	EXP 	study_outdoor_selected: autoDraw = False
42.8505 	EXP 	study_outdoor: autoDraw = False
42.8505 	EXP 	study_indoor_selected: autoDraw = False
42.8505 	EXP 	study_indoor: autoDraw = False
42.8505 	EXP 	study_image_shown: autoDraw = False
42.8505 	EXP 	study_indoor_selected: opacity = 0
42.8505 	EXP 	study_outdoor_selected: opacity = 0
42.8505 	EXP 	text_14: autoDraw = True
43.8529 	EXP 	New trial (rep=8, index=0): None
43.8639 	EXP 	text_14: autoDraw = False
43.8639 	EXP 	text_14: autoDraw = False
43.8639 	EXP 	study_outdoor_selected: pos = array([ 0.4, -0.4])
43.8639 	EXP 	study_outdoor_selected: size = array([0.2, 0.2])
43.8639 	EXP 	study_outdoor: pos = array([ 0.4, -0.4])
43.8639 	EXP 	study_outdoor: size = array([0.2, 0.2])
43.8639 	EXP 	study_indoor_selected: pos = array([-0.4, -0.4])
43.8639 	EXP 	study_indoor_selected: size = array([0.2, 0.2])
43.8639 	EXP 	study_indoor: pos = array([-0.4, -0.4])
43.8639 	EXP 	study_indoor: size = array([0.2, 0.2])
43.8639 	EXP 	study_image_shown: size = array([0.5, 0.7])
43.8639 	EXP 	study_image_shown: image = 'all_images/C_064a.jpg'
43.8639 	EXP 	study_outdoor_selected: autoDraw = True
43.8639 	EXP 	study_outdoor: autoDraw = True
43.8639 	EXP 	study_indoor_selected: autoDraw = True
43.8639 	EXP 	study_indoor: autoDraw = True
43.8639 	EXP 	study_image_shown: autoDraw = True
46.8754 	EXP 	study_outdoor_selected: autoDraw = False
46.8754 	EXP 	study_outdoor: autoDraw = False
46.8754 	EXP 	study_indoor_selected: autoDraw = False
46.8754 	EXP 	study_indoor: autoDraw = False
46.8754 	EXP 	study_image_shown: autoDraw = False
46.8754 	EXP 	study_outdoor_selected: autoDraw = False
46.8754 	EXP 	study_outdoor: autoDraw = False
46.8754 	EXP 	study_indoor_selected: autoDraw = False
46.8754 	EXP 	study_indoor: autoDraw = False
46.8754 	EXP 	study_image_shown: autoDraw = False
46.8754 	EXP 	study_indoor_selected: opacity = 0
46.8754 	EXP 	study_outdoor_selected: opacity = 0
46.8754 	EXP 	text_14: autoDraw = True
47.8748 	EXP 	New trial (rep=9, index=0): None
47.8846 	EXP 	text_14: autoDraw = False
47.8846 	EXP 	text_14: autoDraw = False
47.8846 	EXP 	study_outdoor_selected: pos = array([ 0.4, -0.4])
47.8846 	EXP 	study_outdoor_selected: size = array([0.2, 0.2])
47.8846 	EXP 	study_outdoor: pos = array([ 0.4, -0.4])
47.8846 	EXP 	study_outdoor: size = array([0.2, 0.2])
47.8846 	EXP 	study_indoor_selected: pos = array([-0.4, -0.4])
47.8846 	EXP 	study_indoor_selected: size = array([0.2, 0.2])
47.8846 	EXP 	study_indoor: pos = array([-0.4, -0.4])
47.8846 	EXP 	study_indoor: size = array([0.2, 0.2])
47.8846 	EXP 	study_image_shown: size = array([0.5, 0.7])
47.8846 	EXP 	study_image_shown: image = 'all_images/E_079a.jpg'
47.8846 	EXP 	study_outdoor_selected: autoDraw = True
47.8846 	EXP 	study_outdoor: autoDraw = True
47.8846 	EXP 	study_indoor_selected: autoDraw = True
47.8846 	EXP 	study_indoor: autoDraw = True
47.8846 	EXP 	study_image_shown: autoDraw = True
50.8933 	EXP 	study_outdoor_selected: autoDraw = False
50.8933 	EXP 	study_outdoor: autoDraw = False
50.8933 	EXP 	study_indoor_selected: autoDraw = False
50.8933 	EXP 	study_indoor: autoDraw = False
50.8933 	EXP 	study_image_shown: autoDraw = False
50.8933 	EXP 	study_outdoor_selected: autoDraw = False
50.8933 	EXP 	study_outdoor: autoDraw = False
50.8933 	EXP 	study_indoor_selected: autoDraw = False
50.8933 	EXP 	study_indoor: autoDraw = False
50.8933 	EXP 	study_image_shown: autoDraw = False
50.8933 	EXP 	study_indoor_selected: opacity = 0
50.8933 	EXP 	study_outdoor_selected: opacity = 0
50.8933 	EXP 	text_14: autoDraw = True
51.8937 	EXP 	New trial (rep=10, index=0): None
51.9048 	EXP 	text_14: autoDraw = False
51.9048 	EXP 	text_14: autoDraw = False
51.9048 	EXP 	study_outdoor_selected: pos = array([ 0.4, -0.4])
51.9048 	EXP 	study_outdoor_selected: size = array([0.2, 0.2])
51.9048 	EXP 	study_outdoor: pos = array([ 0.4, -0.4])
51.9048 	EXP 	study_outdoor: size = array([0.2, 0.2])
51.9048 	EXP 	study_indoor_selected: pos = array([-0.4, -0.4])
51.9048 	EXP 	study_indoor_selected: size = array([0.2, 0.2])
51.9048 	EXP 	study_indoor: pos = array([-0.4, -0.4])
51.9048 	EXP 	study_indoor: size = array([0.2, 0.2])
51.9048 	EXP 	study_image_shown: size = array([0.5, 0.7])
51.9048 	EXP 	study_image_shown: image = 'all_images/C_173a.jpg'
51.9048 	EXP 	study_outdoor_selected: autoDraw = True
51.9048 	EXP 	study_outdoor: autoDraw = True
51.9048 	EXP 	study_indoor_selected: autoDraw = True
51.9048 	EXP 	study_indoor: autoDraw = True
51.9048 	EXP 	study_image_shown: autoDraw = True
54.9172 	EXP 	study_outdoor_selected: autoDraw = False
54.9172 	EXP 	study_outdoor: autoDraw = False
54.9172 	EXP 	study_indoor_selected: autoDraw = False
54.9172 	EXP 	study_indoor: autoDraw = False
54.9172 	EXP 	study_image_shown: autoDraw = False
54.9172 	EXP 	study_outdoor_selected: autoDraw = False
54.9172 	EXP 	study_outdoor: autoDraw = False
54.9172 	EXP 	study_indoor_selected: autoDraw = False
54.9172 	EXP 	study_indoor: autoDraw = False
54.9172 	EXP 	study_image_shown: autoDraw = False
54.9172 	EXP 	study_indoor_selected: opacity = 0
54.9172 	EXP 	study_outdoor_selected: opacity = 0
54.9172 	EXP 	text_14: autoDraw = True
55.9187 	EXP 	New trial (rep=11, index=0): None
55.9292 	EXP 	text_14: autoDraw = False
55.9292 	EXP 	text_14: autoDraw = False
55.9292 	EXP 	study_outdoor_selected: pos = array([ 0.4, -0.4])
55.9292 	EXP 	study_outdoor_selected: size = array([0.2, 0.2])
55.9292 	EXP 	study_outdoor: pos = array([ 0.4, -0.4])
55.9292 	EXP 	study_outdoor: size = array([0.2, 0.2])
55.9292 	EXP 	study_indoor_selected: pos = array([-0.4, -0.4])
55.9292 	EXP 	study_indoor_selected: size = array([0.2, 0.2])
55.9292 	EXP 	study_indoor: pos = array([-0.4, -0.4])
55.9292 	EXP 	study_indoor: size = array([0.2, 0.2])
55.9292 	EXP 	study_image_shown: size = array([0.5, 0.7])
55.9292 	EXP 	study_image_shown: image = 'all_images/2_077a.jpg'
55.9292 	EXP 	study_outdoor_selected: autoDraw = True
55.9292 	EXP 	study_outdoor: autoDraw = True
55.9292 	EXP 	study_indoor_selected: autoDraw = True
55.9292 	EXP 	study_indoor: autoDraw = True
55.9292 	EXP 	study_image_shown: autoDraw = True
58.9419 	EXP 	study_outdoor_selected: autoDraw = False
58.9419 	EXP 	study_outdoor: autoDraw = False
58.9419 	EXP 	study_indoor_selected: autoDraw = False
58.9419 	EXP 	study_indoor: autoDraw = False
58.9419 	EXP 	study_image_shown: autoDraw = False
58.9419 	EXP 	study_outdoor_selected: autoDraw = False
58.9419 	EXP 	study_outdoor: autoDraw = False
58.9419 	EXP 	study_indoor_selected: autoDraw = False
58.9419 	EXP 	study_indoor: autoDraw = False
58.9419 	EXP 	study_image_shown: autoDraw = False
58.9419 	EXP 	study_indoor_selected: opacity = 0
58.9419 	EXP 	study_outdoor_selected: opacity = 0
58.9419 	EXP 	text_14: autoDraw = True
59.9424 	EXP 	New trial (rep=12, index=0): None
59.9542 	EXP 	text_14: autoDraw = False
59.9542 	EXP 	text_14: autoDraw = False
59.9542 	EXP 	study_outdoor_selected: pos = array([ 0.4, -0.4])
59.9542 	EXP 	study_outdoor_selected: size = array([0.2, 0.2])
59.9542 	EXP 	study_outdoor: pos = array([ 0.4, -0.4])
59.9542 	EXP 	study_outdoor: size = array([0.2, 0.2])
59.9542 	EXP 	study_indoor_selected: pos = array([-0.4, -0.4])
59.9542 	EXP 	study_indoor_selected: size = array([0.2, 0.2])
59.9542 	EXP 	study_indoor: pos = array([-0.4, -0.4])
59.9542 	EXP 	study_indoor: size = array([0.2, 0.2])
59.9542 	EXP 	study_image_shown: size = array([0.5, 0.7])
59.9542 	EXP 	study_image_shown: image = 'all_images/2_169a.jpg'
59.9542 	EXP 	study_outdoor_selected: autoDraw = True
59.9542 	EXP 	study_outdoor: autoDraw = True
59.9542 	EXP 	study_indoor_selected: autoDraw = True
59.9542 	EXP 	study_indoor: autoDraw = True
59.9542 	EXP 	study_image_shown: autoDraw = True
62.9658 	EXP 	study_outdoor_selected: autoDraw = False
62.9658 	EXP 	study_outdoor: autoDraw = False
62.9658 	EXP 	study_indoor_selected: autoDraw = False
62.9658 	EXP 	study_indoor: autoDraw = False
62.9658 	EXP 	study_image_shown: autoDraw = False
62.9658 	EXP 	study_outdoor_selected: autoDraw = False
62.9658 	EXP 	study_outdoor: autoDraw = False
62.9658 	EXP 	study_indoor_selected: autoDraw = False
62.9658 	EXP 	study_indoor: autoDraw = False
62.9658 	EXP 	study_image_shown: autoDraw = False
62.9658 	EXP 	study_indoor_selected: opacity = 0
62.9658 	EXP 	study_outdoor_selected: opacity = 0
62.9658 	EXP 	text_14: autoDraw = True
63.9644 	EXP 	New trial (rep=13, index=0): None
63.9758 	EXP 	text_14: autoDraw = False
63.9758 	EXP 	text_14: autoDraw = False
63.9758 	EXP 	study_outdoor_selected: pos = array([ 0.4, -0.4])
63.9758 	EXP 	study_outdoor_selected: size = array([0.2, 0.2])
63.9758 	EXP 	study_outdoor: pos = array([ 0.4, -0.4])
63.9758 	EXP 	study_outdoor: size = array([0.2, 0.2])
63.9758 	EXP 	study_indoor_selected: pos = array([-0.4, -0.4])
63.9758 	EXP 	study_indoor_selected: size = array([0.2, 0.2])
63.9758 	EXP 	study_indoor: pos = array([-0.4, -0.4])
63.9758 	EXP 	study_indoor: size = array([0.2, 0.2])
63.9758 	EXP 	study_image_shown: size = array([0.5, 0.7])
63.9758 	EXP 	study_image_shown: image = 'all_images/C_023a.jpg'
63.9758 	EXP 	study_outdoor_selected: autoDraw = True
63.9758 	EXP 	study_outdoor: autoDraw = True
63.9758 	EXP 	study_indoor_selected: autoDraw = True
63.9758 	EXP 	study_indoor: autoDraw = True
63.9758 	EXP 	study_image_shown: autoDraw = True
66.9876 	EXP 	study_outdoor_selected: autoDraw = False
66.9876 	EXP 	study_outdoor: autoDraw = False
66.9876 	EXP 	study_indoor_selected: autoDraw = False
66.9876 	EXP 	study_indoor: autoDraw = False
66.9876 	EXP 	study_image_shown: autoDraw = False
66.9876 	EXP 	study_outdoor_selected: autoDraw = False
66.9876 	EXP 	study_outdoor: autoDraw = False
66.9876 	EXP 	study_indoor_selected: autoDraw = False
66.9876 	EXP 	study_indoor: autoDraw = False
66.9876 	EXP 	study_image_shown: autoDraw = False
66.9876 	EXP 	study_indoor_selected: opacity = 0
66.9876 	EXP 	study_outdoor_selected: opacity = 0
66.9876 	EXP 	text_14: autoDraw = True
67.9869 	EXP 	New trial (rep=14, index=0): None
67.9987 	EXP 	text_14: autoDraw = False
67.9987 	EXP 	text_14: autoDraw = False
67.9987 	EXP 	study_outdoor_selected: pos = array([ 0.4, -0.4])
67.9987 	EXP 	study_outdoor_selected: size = array([0.2, 0.2])
67.9987 	EXP 	study_outdoor: pos = array([ 0.4, -0.4])
67.9987 	EXP 	study_outdoor: size = array([0.2, 0.2])
67.9987 	EXP 	study_indoor_selected: pos = array([-0.4, -0.4])
67.9987 	EXP 	study_indoor_selected: size = array([0.2, 0.2])
67.9987 	EXP 	study_indoor: pos = array([-0.4, -0.4])
67.9987 	EXP 	study_indoor: size = array([0.2, 0.2])
67.9987 	EXP 	study_image_shown: size = array([0.5, 0.7])
67.9987 	EXP 	study_image_shown: image = 'all_images/3_106a.jpg'
67.9987 	EXP 	study_outdoor_selected: autoDraw = True
67.9987 	EXP 	study_outdoor: autoDraw = True
67.9987 	EXP 	study_indoor_selected: autoDraw = True
67.9987 	EXP 	study_indoor: autoDraw = True
67.9987 	EXP 	study_image_shown: autoDraw = True
71.0102 	EXP 	study_outdoor_selected: autoDraw = False
71.0102 	EXP 	study_outdoor: autoDraw = False
71.0102 	EXP 	study_indoor_selected: autoDraw = False
71.0102 	EXP 	study_indoor: autoDraw = False
71.0102 	EXP 	study_image_shown: autoDraw = False
71.0102 	EXP 	study_outdoor_selected: autoDraw = False
71.0102 	EXP 	study_outdoor: autoDraw = False
71.0102 	EXP 	study_indoor_selected: autoDraw = False
71.0102 	EXP 	study_indoor: autoDraw = False
71.0102 	EXP 	study_image_shown: autoDraw = False
71.0102 	EXP 	study_indoor_selected: opacity = 0
71.0102 	EXP 	study_outdoor_selected: opacity = 0
71.0102 	EXP 	text_14: autoDraw = True
72.0131 	EXP 	New trial (rep=15, index=0): None
72.0239 	EXP 	text_14: autoDraw = False
72.0239 	EXP 	text_14: autoDraw = False
72.0239 	EXP 	study_outdoor_selected: pos = array([ 0.4, -0.4])
72.0239 	EXP 	study_outdoor_selected: size = array([0.2, 0.2])
72.0239 	EXP 	study_outdoor: pos = array([ 0.4, -0.4])
72.0239 	EXP 	study_outdoor: size = array([0.2, 0.2])
72.0239 	EXP 	study_indoor_selected: pos = array([-0.4, -0.4])
72.0239 	EXP 	study_indoor_selected: size = array([0.2, 0.2])
72.0239 	EXP 	study_indoor: pos = array([-0.4, -0.4])
72.0239 	EXP 	study_indoor: size = array([0.2, 0.2])
72.0239 	EXP 	study_image_shown: size = array([0.5, 0.7])
72.0239 	EXP 	study_image_shown: image = 'all_images/F_045a.jpg'
72.0239 	EXP 	study_outdoor_selected: autoDraw = True
72.0239 	EXP 	study_outdoor: autoDraw = True
72.0239 	EXP 	study_indoor_selected: autoDraw = True
72.0239 	EXP 	study_indoor: autoDraw = True
72.0239 	EXP 	study_image_shown: autoDraw = True
75.0326 	EXP 	study_outdoor_selected: autoDraw = False
75.0326 	EXP 	study_outdoor: autoDraw = False
75.0326 	EXP 	study_indoor_selected: autoDraw = False
75.0326 	EXP 	study_indoor: autoDraw = False
75.0326 	EXP 	study_image_shown: autoDraw = False
75.0326 	EXP 	study_outdoor_selected: autoDraw = False
75.0326 	EXP 	study_outdoor: autoDraw = False
75.0326 	EXP 	study_indoor_selected: autoDraw = False
75.0326 	EXP 	study_indoor: autoDraw = False
75.0326 	EXP 	study_image_shown: autoDraw = False
75.0326 	EXP 	study_indoor_selected: opacity = 0
75.0326 	EXP 	study_outdoor_selected: opacity = 0
75.0326 	EXP 	text_14: autoDraw = True
76.0355 	EXP 	New trial (rep=16, index=0): None
76.0480 	EXP 	text_14: autoDraw = False
76.0480 	EXP 	text_14: autoDraw = False
76.0480 	EXP 	study_outdoor_selected: pos = array([ 0.4, -0.4])
76.0480 	EXP 	study_outdoor_selected: size = array([0.2, 0.2])
76.0480 	EXP 	study_outdoor: pos = array([ 0.4, -0.4])
76.0480 	EXP 	study_outdoor: size = array([0.2, 0.2])
76.0480 	EXP 	study_indoor_selected: pos = array([-0.4, -0.4])
76.0480 	EXP 	study_indoor_selected: size = array([0.2, 0.2])
76.0480 	EXP 	study_indoor: pos = array([-0.4, -0.4])
76.0480 	EXP 	study_indoor: size = array([0.2, 0.2])
76.0480 	EXP 	study_image_shown: size = array([0.5, 0.7])
76.0480 	EXP 	study_image_shown: image = 'all_images/1_153a.jpg'
76.0480 	EXP 	study_outdoor_selected: autoDraw = True
76.0480 	EXP 	study_outdoor: autoDraw = True
76.0480 	EXP 	study_indoor_selected: autoDraw = True
76.0480 	EXP 	study_indoor: autoDraw = True
76.0480 	EXP 	study_image_shown: autoDraw = True
79.0607 	EXP 	study_outdoor_selected: autoDraw = False
79.0607 	EXP 	study_outdoor: autoDraw = False
79.0607 	EXP 	study_indoor_selected: autoDraw = False
79.0607 	EXP 	study_indoor: autoDraw = False
79.0607 	EXP 	study_image_shown: autoDraw = False
79.0607 	EXP 	study_outdoor_selected: autoDraw = False
79.0607 	EXP 	study_outdoor: autoDraw = False
79.0607 	EXP 	study_indoor_selected: autoDraw = False
79.0607 	EXP 	study_indoor: autoDraw = False
79.0607 	EXP 	study_image_shown: autoDraw = False
79.0607 	EXP 	study_indoor_selected: opacity = 0
79.0607 	EXP 	study_outdoor_selected: opacity = 0
79.0607 	EXP 	text_14: autoDraw = True
80.0635 	EXP 	New trial (rep=17, index=0): None
80.0744 	EXP 	text_14: autoDraw = False
80.0744 	EXP 	text_14: autoDraw = False
80.0744 	EXP 	study_outdoor_selected: pos = array([ 0.4, -0.4])
80.0744 	EXP 	study_outdoor_selected: size = array([0.2, 0.2])
80.0744 	EXP 	study_outdoor: pos = array([ 0.4, -0.4])
80.0744 	EXP 	study_outdoor: size = array([0.2, 0.2])
80.0744 	EXP 	study_indoor_selected: pos = array([-0.4, -0.4])
80.0744 	EXP 	study_indoor_selected: size = array([0.2, 0.2])
80.0744 	EXP 	study_indoor: pos = array([-0.4, -0.4])
80.0744 	EXP 	study_indoor: size = array([0.2, 0.2])
80.0744 	EXP 	study_image_shown: size = array([0.5, 0.7])
80.0744 	EXP 	study_image_shown: image = 'all_images/1_084a.jpg'
80.0744 	EXP 	study_outdoor_selected: autoDraw = True
80.0744 	EXP 	study_outdoor: autoDraw = True
80.0744 	EXP 	study_indoor_selected: autoDraw = True
80.0744 	EXP 	study_indoor: autoDraw = True
80.0744 	EXP 	study_image_shown: autoDraw = True
83.0844 	EXP 	study_outdoor_selected: autoDraw = False
83.0844 	EXP 	study_outdoor: autoDraw = False
83.0844 	EXP 	study_indoor_selected: autoDraw = False
83.0844 	EXP 	study_indoor: autoDraw = False
83.0844 	EXP 	study_image_shown: autoDraw = False
83.0844 	EXP 	study_outdoor_selected: autoDraw = False
83.0844 	EXP 	study_outdoor: autoDraw = False
83.0844 	EXP 	study_indoor_selected: autoDraw = False
83.0844 	EXP 	study_indoor: autoDraw = False
83.0844 	EXP 	study_image_shown: autoDraw = False
83.0844 	EXP 	study_indoor_selected: opacity = 0
83.0844 	EXP 	study_outdoor_selected: opacity = 0
83.0844 	EXP 	text_14: autoDraw = True
84.0851 	EXP 	New trial (rep=18, index=0): None
84.0972 	EXP 	text_14: autoDraw = False
84.0972 	EXP 	text_14: autoDraw = False
84.0972 	EXP 	study_outdoor_selected: pos = array([ 0.4, -0.4])
84.0972 	EXP 	study_outdoor_selected: size = array([0.2, 0.2])
84.0972 	EXP 	study_outdoor: pos = array([ 0.4, -0.4])
84.0972 	EXP 	study_outdoor: size = array([0.2, 0.2])
84.0972 	EXP 	study_indoor_selected: pos = array([-0.4, -0.4])
84.0972 	EXP 	study_indoor_selected: size = array([0.2, 0.2])
84.0972 	EXP 	study_indoor: pos = array([-0.4, -0.4])
84.0972 	EXP 	study_indoor: size = array([0.2, 0.2])
84.0972 	EXP 	study_image_shown: size = array([0.5, 0.7])
84.0972 	EXP 	study_image_shown: image = 'all_images/3_075a.jpg'
84.0972 	EXP 	study_outdoor_selected: autoDraw = True
84.0972 	EXP 	study_outdoor: autoDraw = True
84.0972 	EXP 	study_indoor_selected: autoDraw = True
84.0972 	EXP 	study_indoor: autoDraw = True
84.0972 	EXP 	study_image_shown: autoDraw = True
87.1099 	EXP 	study_outdoor_selected: autoDraw = False
87.1099 	EXP 	study_outdoor: autoDraw = False
87.1099 	EXP 	study_indoor_selected: autoDraw = False
87.1099 	EXP 	study_indoor: autoDraw = False
87.1099 	EXP 	study_image_shown: autoDraw = False
87.1099 	EXP 	study_outdoor_selected: autoDraw = False
87.1099 	EXP 	study_outdoor: autoDraw = False
87.1099 	EXP 	study_indoor_selected: autoDraw = False
87.1099 	EXP 	study_indoor: autoDraw = False
87.1099 	EXP 	study_image_shown: autoDraw = False
87.1099 	EXP 	study_indoor_selected: opacity = 0
87.1099 	EXP 	study_outdoor_selected: opacity = 0
87.1099 	EXP 	text_14: autoDraw = True
88.1127 	EXP 	New trial (rep=19, index=0): None
88.1230 	EXP 	text_14: autoDraw = False
88.1230 	EXP 	text_14: autoDraw = False
88.1230 	EXP 	study_outdoor_selected: pos = array([ 0.4, -0.4])
88.1230 	EXP 	study_outdoor_selected: size = array([0.2, 0.2])
88.1230 	EXP 	study_outdoor: pos = array([ 0.4, -0.4])
88.1230 	EXP 	study_outdoor: size = array([0.2, 0.2])
88.1230 	EXP 	study_indoor_selected: pos = array([-0.4, -0.4])
88.1230 	EXP 	study_indoor_selected: size = array([0.2, 0.2])
88.1230 	EXP 	study_indoor: pos = array([-0.4, -0.4])
88.1230 	EXP 	study_indoor: size = array([0.2, 0.2])
88.1230 	EXP 	study_image_shown: size = array([0.5, 0.7])
88.1230 	EXP 	study_image_shown: image = 'all_images/2_166a.jpg'
88.1230 	EXP 	study_outdoor_selected: autoDraw = True
88.1230 	EXP 	study_outdoor: autoDraw = True
88.1230 	EXP 	study_indoor_selected: autoDraw = True
88.1230 	EXP 	study_indoor: autoDraw = True
88.1230 	EXP 	study_image_shown: autoDraw = True
91.1343 	EXP 	study_outdoor_selected: autoDraw = False
91.1343 	EXP 	study_outdoor: autoDraw = False
91.1343 	EXP 	study_indoor_selected: autoDraw = False
91.1343 	EXP 	study_indoor: autoDraw = False
91.1343 	EXP 	study_image_shown: autoDraw = False
91.1343 	EXP 	study_outdoor_selected: autoDraw = False
91.1343 	EXP 	study_outdoor: autoDraw = False
91.1343 	EXP 	study_indoor_selected: autoDraw = False
91.1343 	EXP 	study_indoor: autoDraw = False
91.1343 	EXP 	study_image_shown: autoDraw = False
91.1343 	EXP 	study_indoor_selected: opacity = 0
91.1343 	EXP 	study_outdoor_selected: opacity = 0
91.1343 	EXP 	text_14: autoDraw = True
92.1350 	EXP 	New trial (rep=20, index=0): None
92.1477 	EXP 	text_14: autoDraw = False
92.1477 	EXP 	text_14: autoDraw = False
92.1477 	EXP 	study_outdoor_selected: pos = array([ 0.4, -0.4])
92.1477 	EXP 	study_outdoor_selected: size = array([0.2, 0.2])
92.1477 	EXP 	study_outdoor: pos = array([ 0.4, -0.4])
92.1477 	EXP 	study_outdoor: size = array([0.2, 0.2])
92.1477 	EXP 	study_indoor_selected: pos = array([-0.4, -0.4])
92.1477 	EXP 	study_indoor_selected: size = array([0.2, 0.2])
92.1477 	EXP 	study_indoor: pos = array([-0.4, -0.4])
92.1477 	EXP 	study_indoor: size = array([0.2, 0.2])
92.1477 	EXP 	study_image_shown: size = array([0.5, 0.7])
92.1477 	EXP 	study_image_shown: image = 'all_images/F_190a.jpg'
92.1477 	EXP 	study_outdoor_selected: autoDraw = True
92.1477 	EXP 	study_outdoor: autoDraw = True
92.1477 	EXP 	study_indoor_selected: autoDraw = True
92.1477 	EXP 	study_indoor: autoDraw = True
92.1477 	EXP 	study_image_shown: autoDraw = True
95.1569 	EXP 	study_outdoor_selected: autoDraw = False
95.1569 	EXP 	study_outdoor: autoDraw = False
95.1569 	EXP 	study_indoor_selected: autoDraw = False
95.1569 	EXP 	study_indoor: autoDraw = False
95.1569 	EXP 	study_image_shown: autoDraw = False
95.1569 	EXP 	study_outdoor_selected: autoDraw = False
95.1569 	EXP 	study_outdoor: autoDraw = False
95.1569 	EXP 	study_indoor_selected: autoDraw = False
95.1569 	EXP 	study_indoor: autoDraw = False
95.1569 	EXP 	study_image_shown: autoDraw = False
95.1569 	EXP 	study_indoor_selected: opacity = 0
95.1569 	EXP 	study_outdoor_selected: opacity = 0
95.1569 	EXP 	text_14: autoDraw = True
96.1580 	EXP 	New trial (rep=21, index=0): None
96.1692 	EXP 	text_14: autoDraw = False
96.1692 	EXP 	text_14: autoDraw = False
96.1692 	EXP 	study_outdoor_selected: pos = array([ 0.4, -0.4])
96.1692 	EXP 	study_outdoor_selected: size = array([0.2, 0.2])
96.1692 	EXP 	study_outdoor: pos = array([ 0.4, -0.4])
96.1692 	EXP 	study_outdoor: size = array([0.2, 0.2])
96.1692 	EXP 	study_indoor_selected: pos = array([-0.4, -0.4])
96.1692 	EXP 	study_indoor_selected: size = array([0.2, 0.2])
96.1692 	EXP 	study_indoor: pos = array([-0.4, -0.4])
96.1692 	EXP 	study_indoor: size = array([0.2, 0.2])
96.1692 	EXP 	study_image_shown: size = array([0.5, 0.7])
96.1692 	EXP 	study_image_shown: image = 'all_images/D_126a.jpg'
96.1692 	EXP 	study_outdoor_selected: autoDraw = True
96.1692 	EXP 	study_outdoor: autoDraw = True
96.1692 	EXP 	study_indoor_selected: autoDraw = True
96.1692 	EXP 	study_indoor: autoDraw = True
96.1692 	EXP 	study_image_shown: autoDraw = True
99.1816 	EXP 	study_outdoor_selected: autoDraw = False
99.1816 	EXP 	study_outdoor: autoDraw = False
99.1816 	EXP 	study_indoor_selected: autoDraw = False
99.1816 	EXP 	study_indoor: autoDraw = False
99.1816 	EXP 	study_image_shown: autoDraw = False
99.1816 	EXP 	study_outdoor_selected: autoDraw = False
99.1816 	EXP 	study_outdoor: autoDraw = False
99.1816 	EXP 	study_indoor_selected: autoDraw = False
99.1816 	EXP 	study_indoor: autoDraw = False
99.1816 	EXP 	study_image_shown: autoDraw = False
99.1816 	EXP 	study_indoor_selected: opacity = 0
99.1816 	EXP 	study_outdoor_selected: opacity = 0
99.1816 	EXP 	text_14: autoDraw = True
100.1819 	EXP 	New trial (rep=22, index=0): None
100.1936 	EXP 	text_14: autoDraw = False
100.1936 	EXP 	text_14: autoDraw = False
100.1936 	EXP 	study_outdoor_selected: pos = array([ 0.4, -0.4])
100.1936 	EXP 	study_outdoor_selected: size = array([0.2, 0.2])
100.1936 	EXP 	study_outdoor: pos = array([ 0.4, -0.4])
100.1936 	EXP 	study_outdoor: size = array([0.2, 0.2])
100.1936 	EXP 	study_indoor_selected: pos = array([-0.4, -0.4])
100.1936 	EXP 	study_indoor_selected: size = array([0.2, 0.2])
100.1936 	EXP 	study_indoor: pos = array([-0.4, -0.4])
100.1936 	EXP 	study_indoor: size = array([0.2, 0.2])
100.1936 	EXP 	study_image_shown: size = array([0.5, 0.7])
100.1936 	EXP 	study_image_shown: image = 'all_images/2_002a.jpg'
100.1936 	EXP 	study_outdoor_selected: autoDraw = True
100.1936 	EXP 	study_outdoor: autoDraw = True
100.1936 	EXP 	study_indoor_selected: autoDraw = True
100.1936 	EXP 	study_indoor: autoDraw = True
100.1936 	EXP 	study_image_shown: autoDraw = True
103.2049 	EXP 	study_outdoor_selected: autoDraw = False
103.2049 	EXP 	study_outdoor: autoDraw = False
103.2049 	EXP 	study_indoor_selected: autoDraw = False
103.2049 	EXP 	study_indoor: autoDraw = False
103.2049 	EXP 	study_image_shown: autoDraw = False
103.2049 	EXP 	study_outdoor_selected: autoDraw = False
103.2049 	EXP 	study_outdoor: autoDraw = False
103.2049 	EXP 	study_indoor_selected: autoDraw = False
103.2049 	EXP 	study_indoor: autoDraw = False
103.2049 	EXP 	study_image_shown: autoDraw = False
103.2049 	EXP 	study_indoor_selected: opacity = 0
103.2049 	EXP 	study_outdoor_selected: opacity = 0
103.2049 	EXP 	text_14: autoDraw = True
104.2065 	EXP 	New trial (rep=23, index=0): None
104.2176 	EXP 	text_14: autoDraw = False
104.2176 	EXP 	text_14: autoDraw = False
104.2176 	EXP 	study_outdoor_selected: pos = array([ 0.4, -0.4])
104.2176 	EXP 	study_outdoor_selected: size = array([0.2, 0.2])
104.2176 	EXP 	study_outdoor: pos = array([ 0.4, -0.4])
104.2176 	EXP 	study_outdoor: size = array([0.2, 0.2])
104.2176 	EXP 	study_indoor_selected: pos = array([-0.4, -0.4])
104.2176 	EXP 	study_indoor_selected: size = array([0.2, 0.2])
104.2176 	EXP 	study_indoor: pos = array([-0.4, -0.4])
104.2176 	EXP 	study_indoor: size = array([0.2, 0.2])
104.2176 	EXP 	study_image_shown: size = array([0.5, 0.7])
104.2176 	EXP 	study_image_shown: image = 'all_images/2_180a.jpg'
104.2176 	EXP 	study_outdoor_selected: autoDraw = True
104.2176 	EXP 	study_outdoor: autoDraw = True
104.2176 	EXP 	study_indoor_selected: autoDraw = True
104.2176 	EXP 	study_indoor: autoDraw = True
104.2176 	EXP 	study_image_shown: autoDraw = True
107.2271 	EXP 	study_outdoor_selected: autoDraw = False
107.2271 	EXP 	study_outdoor: autoDraw = False
107.2271 	EXP 	study_indoor_selected: autoDraw = False
107.2271 	EXP 	study_indoor: autoDraw = False
107.2271 	EXP 	study_image_shown: autoDraw = False
107.2271 	EXP 	study_outdoor_selected: autoDraw = False
107.2271 	EXP 	study_outdoor: autoDraw = False
107.2271 	EXP 	study_indoor_selected: autoDraw = False
107.2271 	EXP 	study_indoor: autoDraw = False
107.2271 	EXP 	study_image_shown: autoDraw = False
107.2271 	EXP 	study_indoor_selected: opacity = 0
107.2271 	EXP 	study_outdoor_selected: opacity = 0
107.2271 	EXP 	text_14: autoDraw = True
108.2274 	EXP 	New trial (rep=24, index=0): None
108.2391 	EXP 	text_14: autoDraw = False
108.2391 	EXP 	text_14: autoDraw = False
108.2391 	EXP 	study_outdoor_selected: pos = array([ 0.4, -0.4])
108.2391 	EXP 	study_outdoor_selected: size = array([0.2, 0.2])
108.2391 	EXP 	study_outdoor: pos = array([ 0.4, -0.4])
108.2391 	EXP 	study_outdoor: size = array([0.2, 0.2])
108.2391 	EXP 	study_indoor_selected: pos = array([-0.4, -0.4])
108.2391 	EXP 	study_indoor_selected: size = array([0.2, 0.2])
108.2391 	EXP 	study_indoor: pos = array([-0.4, -0.4])
108.2391 	EXP 	study_indoor: size = array([0.2, 0.2])
108.2391 	EXP 	study_image_shown: size = array([0.5, 0.7])
108.2391 	EXP 	study_image_shown: image = 'all_images/5_028a.jpg'
108.2391 	EXP 	study_outdoor_selected: autoDraw = True
108.2391 	EXP 	study_outdoor: autoDraw = True
108.2391 	EXP 	study_indoor_selected: autoDraw = True
108.2391 	EXP 	study_indoor: autoDraw = True
108.2391 	EXP 	study_image_shown: autoDraw = True
111.2506 	EXP 	study_outdoor_selected: autoDraw = False
111.2506 	EXP 	study_outdoor: autoDraw = False
111.2506 	EXP 	study_indoor_selected: autoDraw = False
111.2506 	EXP 	study_indoor: autoDraw = False
111.2506 	EXP 	study_image_shown: autoDraw = False
111.2506 	EXP 	study_outdoor_selected: autoDraw = False
111.2506 	EXP 	study_outdoor: autoDraw = False
111.2506 	EXP 	study_indoor_selected: autoDraw = False
111.2506 	EXP 	study_indoor: autoDraw = False
111.2506 	EXP 	study_image_shown: autoDraw = False
111.2506 	EXP 	study_indoor_selected: opacity = 0
111.2506 	EXP 	study_outdoor_selected: opacity = 0
111.2506 	EXP 	text_14: autoDraw = True
112.2494 	EXP 	New trial (rep=25, index=0): None
112.2604 	EXP 	text_14: autoDraw = False
112.2604 	EXP 	text_14: autoDraw = False
112.2604 	EXP 	study_outdoor_selected: pos = array([ 0.4, -0.4])
112.2604 	EXP 	study_outdoor_selected: size = array([0.2, 0.2])
112.2604 	EXP 	study_outdoor: pos = array([ 0.4, -0.4])
112.2604 	EXP 	study_outdoor: size = array([0.2, 0.2])
112.2604 	EXP 	study_indoor_selected: pos = array([-0.4, -0.4])
112.2604 	EXP 	study_indoor_selected: size = array([0.2, 0.2])
112.2604 	EXP 	study_indoor: pos = array([-0.4, -0.4])
112.2604 	EXP 	study_indoor: size = array([0.2, 0.2])
112.2604 	EXP 	study_image_shown: size = array([0.5, 0.7])
112.2604 	EXP 	study_image_shown: image = 'all_images/1_117a.jpg'
112.2604 	EXP 	study_outdoor_selected: autoDraw = True
112.2604 	EXP 	study_outdoor: autoDraw = True
112.2604 	EXP 	study_indoor_selected: autoDraw = True
112.2604 	EXP 	study_indoor: autoDraw = True
112.2604 	EXP 	study_image_shown: autoDraw = True
115.2704 	EXP 	study_outdoor_selected: autoDraw = False
115.2704 	EXP 	study_outdoor: autoDraw = False
115.2704 	EXP 	study_indoor_selected: autoDraw = False
115.2704 	EXP 	study_indoor: autoDraw = False
115.2704 	EXP 	study_image_shown: autoDraw = False
115.2704 	EXP 	study_outdoor_selected: autoDraw = False
115.2704 	EXP 	study_outdoor: autoDraw = False
115.2704 	EXP 	study_indoor_selected: autoDraw = False
115.2704 	EXP 	study_indoor: autoDraw = False
115.2704 	EXP 	study_image_shown: autoDraw = False
115.2704 	EXP 	study_indoor_selected: opacity = 0
115.2704 	EXP 	study_outdoor_selected: opacity = 0
115.2704 	EXP 	text_14: autoDraw = True
116.2727 	EXP 	New trial (rep=26, index=0): None
116.2844 	EXP 	text_14: autoDraw = False
116.2844 	EXP 	text_14: autoDraw = False
116.2844 	EXP 	study_outdoor_selected: pos = array([ 0.4, -0.4])
116.2844 	EXP 	study_outdoor_selected: size = array([0.2, 0.2])
116.2844 	EXP 	study_outdoor: pos = array([ 0.4, -0.4])
116.2844 	EXP 	study_outdoor: size = array([0.2, 0.2])
116.2844 	EXP 	study_indoor_selected: pos = array([-0.4, -0.4])
116.2844 	EXP 	study_indoor_selected: size = array([0.2, 0.2])
116.2844 	EXP 	study_indoor: pos = array([-0.4, -0.4])
116.2844 	EXP 	study_indoor: size = array([0.2, 0.2])
116.2844 	EXP 	study_image_shown: size = array([0.5, 0.7])
116.2844 	EXP 	study_image_shown: image = 'all_images/2_144a.jpg'
116.2844 	EXP 	study_outdoor_selected: autoDraw = True
116.2844 	EXP 	study_outdoor: autoDraw = True
116.2844 	EXP 	study_indoor_selected: autoDraw = True
116.2844 	EXP 	study_indoor: autoDraw = True
116.2844 	EXP 	study_image_shown: autoDraw = True
119.2932 	EXP 	study_outdoor_selected: autoDraw = False
119.2932 	EXP 	study_outdoor: autoDraw = False
119.2932 	EXP 	study_indoor_selected: autoDraw = False
119.2932 	EXP 	study_indoor: autoDraw = False
119.2932 	EXP 	study_image_shown: autoDraw = False
119.2932 	EXP 	study_outdoor_selected: autoDraw = False
119.2932 	EXP 	study_outdoor: autoDraw = False
119.2932 	EXP 	study_indoor_selected: autoDraw = False
119.2932 	EXP 	study_indoor: autoDraw = False
119.2932 	EXP 	study_image_shown: autoDraw = False
119.2932 	EXP 	study_indoor_selected: opacity = 0
119.2932 	EXP 	study_outdoor_selected: opacity = 0
119.2932 	EXP 	text_14: autoDraw = True
120.2930 	EXP 	New trial (rep=27, index=0): None
120.3034 	EXP 	text_14: autoDraw = False
120.3034 	EXP 	text_14: autoDraw = False
120.3034 	EXP 	study_outdoor_selected: pos = array([ 0.4, -0.4])
120.3034 	EXP 	study_outdoor_selected: size = array([0.2, 0.2])
120.3034 	EXP 	study_outdoor: pos = array([ 0.4, -0.4])
120.3034 	EXP 	study_outdoor: size = array([0.2, 0.2])
120.3034 	EXP 	study_indoor_selected: pos = array([-0.4, -0.4])
120.3034 	EXP 	study_indoor_selected: size = array([0.2, 0.2])
120.3034 	EXP 	study_indoor: pos = array([-0.4, -0.4])
120.3034 	EXP 	study_indoor: size = array([0.2, 0.2])
120.3034 	EXP 	study_image_shown: size = array([0.5, 0.7])
120.3034 	EXP 	study_image_shown: image = 'all_images/3_117a.jpg'
120.3034 	EXP 	study_outdoor_selected: autoDraw = True
120.3034 	EXP 	study_outdoor: autoDraw = True
120.3034 	EXP 	study_indoor_selected: autoDraw = True
120.3034 	EXP 	study_indoor: autoDraw = True
120.3034 	EXP 	study_image_shown: autoDraw = True
123.3165 	EXP 	study_outdoor_selected: autoDraw = False
123.3165 	EXP 	study_outdoor: autoDraw = False
123.3165 	EXP 	study_indoor_selected: autoDraw = False
123.3165 	EXP 	study_indoor: autoDraw = False
123.3165 	EXP 	study_image_shown: autoDraw = False
123.3165 	EXP 	study_outdoor_selected: autoDraw = False
123.3165 	EXP 	study_outdoor: autoDraw = False
123.3165 	EXP 	study_indoor_selected: autoDraw = False
123.3165 	EXP 	study_indoor: autoDraw = False
123.3165 	EXP 	study_image_shown: autoDraw = False
123.3165 	EXP 	study_indoor_selected: opacity = 0
123.3165 	EXP 	study_outdoor_selected: opacity = 0
123.3165 	EXP 	text_14: autoDraw = True
124.3166 	EXP 	New trial (rep=28, index=0): None
124.3293 	EXP 	text_14: autoDraw = False
124.3293 	EXP 	text_14: autoDraw = False
124.3293 	EXP 	study_outdoor_selected: pos = array([ 0.4, -0.4])
124.3293 	EXP 	study_outdoor_selected: size = array([0.2, 0.2])
124.3293 	EXP 	study_outdoor: pos = array([ 0.4, -0.4])
124.3293 	EXP 	study_outdoor: size = array([0.2, 0.2])
124.3293 	EXP 	study_indoor_selected: pos = array([-0.4, -0.4])
124.3293 	EXP 	study_indoor_selected: size = array([0.2, 0.2])
124.3293 	EXP 	study_indoor: pos = array([-0.4, -0.4])
124.3293 	EXP 	study_indoor: size = array([0.2, 0.2])
124.3293 	EXP 	study_image_shown: size = array([0.5, 0.7])
124.3293 	EXP 	study_image_shown: image = 'all_images/1_097a.jpg'
124.3293 	EXP 	study_outdoor_selected: autoDraw = True
124.3293 	EXP 	study_outdoor: autoDraw = True
124.3293 	EXP 	study_indoor_selected: autoDraw = True
124.3293 	EXP 	study_indoor: autoDraw = True
124.3293 	EXP 	study_image_shown: autoDraw = True
127.3415 	EXP 	study_outdoor_selected: autoDraw = False
127.3415 	EXP 	study_outdoor: autoDraw = False
127.3415 	EXP 	study_indoor_selected: autoDraw = False
127.3415 	EXP 	study_indoor: autoDraw = False
127.3415 	EXP 	study_image_shown: autoDraw = False
127.3415 	EXP 	study_outdoor_selected: autoDraw = False
127.3415 	EXP 	study_outdoor: autoDraw = False
127.3415 	EXP 	study_indoor_selected: autoDraw = False
127.3415 	EXP 	study_indoor: autoDraw = False
127.3415 	EXP 	study_image_shown: autoDraw = False
127.3415 	EXP 	study_indoor_selected: opacity = 0
127.3415 	EXP 	study_outdoor_selected: opacity = 0
127.3415 	EXP 	text_14: autoDraw = True
128.3419 	EXP 	New trial (rep=29, index=0): None
128.3540 	EXP 	text_14: autoDraw = False
128.3540 	EXP 	text_14: autoDraw = False
128.3540 	EXP 	study_outdoor_selected: pos = array([ 0.4, -0.4])
128.3540 	EXP 	study_outdoor_selected: size = array([0.2, 0.2])
128.3540 	EXP 	study_outdoor: pos = array([ 0.4, -0.4])
128.3540 	EXP 	study_outdoor: size = array([0.2, 0.2])
128.3540 	EXP 	study_indoor_selected: pos = array([-0.4, -0.4])
128.3540 	EXP 	study_indoor_selected: size = array([0.2, 0.2])
128.3540 	EXP 	study_indoor: pos = array([-0.4, -0.4])
128.3540 	EXP 	study_indoor: size = array([0.2, 0.2])
128.3540 	EXP 	study_image_shown: size = array([0.5, 0.7])
128.3540 	EXP 	study_image_shown: image = 'all_images/3_188a.jpg'
128.3540 	EXP 	study_outdoor_selected: autoDraw = True
128.3540 	EXP 	study_outdoor: autoDraw = True
128.3540 	EXP 	study_indoor_selected: autoDraw = True
128.3540 	EXP 	study_indoor: autoDraw = True
128.3540 	EXP 	study_image_shown: autoDraw = True
131.3632 	EXP 	study_outdoor_selected: autoDraw = False
131.3632 	EXP 	study_outdoor: autoDraw = False
131.3632 	EXP 	study_indoor_selected: autoDraw = False
131.3632 	EXP 	study_indoor: autoDraw = False
131.3632 	EXP 	study_image_shown: autoDraw = False
131.3632 	EXP 	study_outdoor_selected: autoDraw = False
131.3632 	EXP 	study_outdoor: autoDraw = False
131.3632 	EXP 	study_indoor_selected: autoDraw = False
131.3632 	EXP 	study_indoor: autoDraw = False
131.3632 	EXP 	study_image_shown: autoDraw = False
131.3632 	EXP 	study_indoor_selected: opacity = 0
131.3632 	EXP 	study_outdoor_selected: opacity = 0
131.3632 	EXP 	text_14: autoDraw = True
132.3633 	EXP 	New trial (rep=30, index=0): None
132.3768 	EXP 	text_14: autoDraw = False
132.3768 	EXP 	text_14: autoDraw = False
132.3768 	EXP 	study_outdoor_selected: pos = array([ 0.4, -0.4])
132.3768 	EXP 	study_outdoor_selected: size = array([0.2, 0.2])
132.3768 	EXP 	study_outdoor: pos = array([ 0.4, -0.4])
132.3768 	EXP 	study_outdoor: size = array([0.2, 0.2])
132.3768 	EXP 	study_indoor_selected: pos = array([-0.4, -0.4])
132.3768 	EXP 	study_indoor_selected: size = array([0.2, 0.2])
132.3768 	EXP 	study_indoor: pos = array([-0.4, -0.4])
132.3768 	EXP 	study_indoor: size = array([0.2, 0.2])
132.3768 	EXP 	study_image_shown: size = array([0.5, 0.7])
132.3768 	EXP 	study_image_shown: image = 'all_images/1_101a.jpg'
132.3768 	EXP 	study_outdoor_selected: autoDraw = True
132.3768 	EXP 	study_outdoor: autoDraw = True
132.3768 	EXP 	study_indoor_selected: autoDraw = True
132.3768 	EXP 	study_indoor: autoDraw = True
132.3768 	EXP 	study_image_shown: autoDraw = True
135.3884 	EXP 	study_outdoor_selected: autoDraw = False
135.3884 	EXP 	study_outdoor: autoDraw = False
135.3884 	EXP 	study_indoor_selected: autoDraw = False
135.3884 	EXP 	study_indoor: autoDraw = False
135.3884 	EXP 	study_image_shown: autoDraw = False
135.3884 	EXP 	study_outdoor_selected: autoDraw = False
135.3884 	EXP 	study_outdoor: autoDraw = False
135.3884 	EXP 	study_indoor_selected: autoDraw = False
135.3884 	EXP 	study_indoor: autoDraw = False
135.3884 	EXP 	study_image_shown: autoDraw = False
135.3884 	EXP 	study_indoor_selected: opacity = 0
135.3884 	EXP 	study_outdoor_selected: opacity = 0
135.3884 	EXP 	text_14: autoDraw = True
136.3901 	EXP 	New trial (rep=31, index=0): None
136.4016 	EXP 	text_14: autoDraw = False
136.4016 	EXP 	text_14: autoDraw = False
136.4016 	EXP 	study_outdoor_selected: pos = array([ 0.4, -0.4])
136.4016 	EXP 	study_outdoor_selected: size = array([0.2, 0.2])
136.4016 	EXP 	study_outdoor: pos = array([ 0.4, -0.4])
136.4016 	EXP 	study_outdoor: size = array([0.2, 0.2])
136.4016 	EXP 	study_indoor_selected: pos = array([-0.4, -0.4])
136.4016 	EXP 	study_indoor_selected: size = array([0.2, 0.2])
136.4016 	EXP 	study_indoor: pos = array([-0.4, -0.4])
136.4016 	EXP 	study_indoor: size = array([0.2, 0.2])
136.4016 	EXP 	study_image_shown: size = array([0.5, 0.7])
136.4016 	EXP 	study_image_shown: image = 'all_images/F_153a.jpg'
136.4016 	EXP 	study_outdoor_selected: autoDraw = True
136.4016 	EXP 	study_outdoor: autoDraw = True
136.4016 	EXP 	study_indoor_selected: autoDraw = True
136.4016 	EXP 	study_indoor: autoDraw = True
136.4016 	EXP 	study_image_shown: autoDraw = True
139.4151 	EXP 	study_outdoor_selected: autoDraw = False
139.4151 	EXP 	study_outdoor: autoDraw = False
139.4151 	EXP 	study_indoor_selected: autoDraw = False
139.4151 	EXP 	study_indoor: autoDraw = False
139.4151 	EXP 	study_image_shown: autoDraw = False
139.4151 	EXP 	study_outdoor_selected: autoDraw = False
139.4151 	EXP 	study_outdoor: autoDraw = False
139.4151 	EXP 	study_indoor_selected: autoDraw = False
139.4151 	EXP 	study_indoor: autoDraw = False
139.4151 	EXP 	study_image_shown: autoDraw = False
139.4151 	EXP 	study_indoor_selected: opacity = 0
139.4151 	EXP 	study_outdoor_selected: opacity = 0
139.4151 	EXP 	text_14: autoDraw = True
140.4153 	EXP 	New trial (rep=32, index=0): None
140.4276 	EXP 	text_14: autoDraw = False
140.4276 	EXP 	text_14: autoDraw = False
140.4276 	EXP 	study_outdoor_selected: pos = array([ 0.4, -0.4])
140.4276 	EXP 	study_outdoor_selected: size = array([0.2, 0.2])
140.4276 	EXP 	study_outdoor: pos = array([ 0.4, -0.4])
140.4276 	EXP 	study_outdoor: size = array([0.2, 0.2])
140.4276 	EXP 	study_indoor_selected: pos = array([-0.4, -0.4])
140.4276 	EXP 	study_indoor_selected: size = array([0.2, 0.2])
140.4276 	EXP 	study_indoor: pos = array([-0.4, -0.4])
140.4276 	EXP 	study_indoor: size = array([0.2, 0.2])
140.4276 	EXP 	study_image_shown: size = array([0.5, 0.7])
140.4276 	EXP 	study_image_shown: image = 'all_images/6_102a.jpg'
140.4276 	EXP 	study_outdoor_selected: autoDraw = True
140.4276 	EXP 	study_outdoor: autoDraw = True
140.4276 	EXP 	study_indoor_selected: autoDraw = True
140.4276 	EXP 	study_indoor: autoDraw = True
140.4276 	EXP 	study_image_shown: autoDraw = True
143.4395 	EXP 	study_outdoor_selected: autoDraw = False
143.4395 	EXP 	study_outdoor: autoDraw = False
143.4395 	EXP 	study_indoor_selected: autoDraw = False
143.4395 	EXP 	study_indoor: autoDraw = False
143.4395 	EXP 	study_image_shown: autoDraw = False
143.4395 	EXP 	study_outdoor_selected: autoDraw = False
143.4395 	EXP 	study_outdoor: autoDraw = False
143.4395 	EXP 	study_indoor_selected: autoDraw = False
143.4395 	EXP 	study_indoor: autoDraw = False
143.4395 	EXP 	study_image_shown: autoDraw = False
143.4395 	EXP 	study_indoor_selected: opacity = 0
143.4395 	EXP 	study_outdoor_selected: opacity = 0
143.4395 	EXP 	text_14: autoDraw = True
144.4407 	EXP 	New trial (rep=33, index=0): None
144.4516 	EXP 	text_14: autoDraw = False
144.4516 	EXP 	text_14: autoDraw = False
144.4516 	EXP 	study_outdoor_selected: pos = array([ 0.4, -0.4])
144.4516 	EXP 	study_outdoor_selected: size = array([0.2, 0.2])
144.4516 	EXP 	study_outdoor: pos = array([ 0.4, -0.4])
144.4516 	EXP 	study_outdoor: size = array([0.2, 0.2])
144.4516 	EXP 	study_indoor_selected: pos = array([-0.4, -0.4])
144.4516 	EXP 	study_indoor_selected: size = array([0.2, 0.2])
144.4516 	EXP 	study_indoor: pos = array([-0.4, -0.4])
144.4516 	EXP 	study_indoor: size = array([0.2, 0.2])
144.4516 	EXP 	study_image_shown: size = array([0.5, 0.7])
144.4516 	EXP 	study_image_shown: image = 'all_images/2_068a.jpg'
144.4516 	EXP 	study_outdoor_selected: autoDraw = True
144.4516 	EXP 	study_outdoor: autoDraw = True
144.4516 	EXP 	study_indoor_selected: autoDraw = True
144.4516 	EXP 	study_indoor: autoDraw = True
144.4516 	EXP 	study_image_shown: autoDraw = True
147.4604 	EXP 	study_outdoor_selected: autoDraw = False
147.4604 	EXP 	study_outdoor: autoDraw = False
147.4604 	EXP 	study_indoor_selected: autoDraw = False
147.4604 	EXP 	study_indoor: autoDraw = False
147.4604 	EXP 	study_image_shown: autoDraw = False
147.4604 	EXP 	study_outdoor_selected: autoDraw = False
147.4604 	EXP 	study_outdoor: autoDraw = False
147.4604 	EXP 	study_indoor_selected: autoDraw = False
147.4604 	EXP 	study_indoor: autoDraw = False
147.4604 	EXP 	study_image_shown: autoDraw = False
147.4604 	EXP 	study_indoor_selected: opacity = 0
147.4604 	EXP 	study_outdoor_selected: opacity = 0
147.4604 	EXP 	text_14: autoDraw = True
148.4631 	EXP 	New trial (rep=34, index=0): None
148.4766 	EXP 	text_14: autoDraw = False
148.4766 	EXP 	text_14: autoDraw = False
148.4766 	EXP 	study_outdoor_selected: pos = array([ 0.4, -0.4])
148.4766 	EXP 	study_outdoor_selected: size = array([0.2, 0.2])
148.4766 	EXP 	study_outdoor: pos = array([ 0.4, -0.4])
148.4766 	EXP 	study_outdoor: size = array([0.2, 0.2])
148.4766 	EXP 	study_indoor_selected: pos = array([-0.4, -0.4])
148.4766 	EXP 	study_indoor_selected: size = array([0.2, 0.2])
148.4766 	EXP 	study_indoor: pos = array([-0.4, -0.4])
148.4766 	EXP 	study_indoor: size = array([0.2, 0.2])
148.4766 	EXP 	study_image_shown: size = array([0.5, 0.7])
148.4766 	EXP 	study_image_shown: image = 'all_images/E_038a.jpg'
148.4766 	EXP 	study_outdoor_selected: autoDraw = True
148.4766 	EXP 	study_outdoor: autoDraw = True
148.4766 	EXP 	study_indoor_selected: autoDraw = True
148.4766 	EXP 	study_indoor: autoDraw = True
148.4766 	EXP 	study_image_shown: autoDraw = True
151.4880 	EXP 	study_outdoor_selected: autoDraw = False
151.4880 	EXP 	study_outdoor: autoDraw = False
151.4880 	EXP 	study_indoor_selected: autoDraw = False
151.4880 	EXP 	study_indoor: autoDraw = False
151.4880 	EXP 	study_image_shown: autoDraw = False
151.4880 	EXP 	study_outdoor_selected: autoDraw = False
151.4880 	EXP 	study_outdoor: autoDraw = False
151.4880 	EXP 	study_indoor_selected: autoDraw = False
151.4880 	EXP 	study_indoor: autoDraw = False
151.4880 	EXP 	study_image_shown: autoDraw = False
151.4880 	EXP 	study_indoor_selected: opacity = 0
151.4880 	EXP 	study_outdoor_selected: opacity = 0
151.4880 	EXP 	text_14: autoDraw = True
152.4869 	EXP 	New trial (rep=35, index=0): None
152.5001 	EXP 	text_14: autoDraw = False
152.5001 	EXP 	text_14: autoDraw = False
152.5001 	EXP 	study_outdoor_selected: pos = array([ 0.4, -0.4])
152.5001 	EXP 	study_outdoor_selected: size = array([0.2, 0.2])
152.5001 	EXP 	study_outdoor: pos = array([ 0.4, -0.4])
152.5001 	EXP 	study_outdoor: size = array([0.2, 0.2])
152.5001 	EXP 	study_indoor_selected: pos = array([-0.4, -0.4])
152.5001 	EXP 	study_indoor_selected: size = array([0.2, 0.2])
152.5001 	EXP 	study_indoor: pos = array([-0.4, -0.4])
152.5001 	EXP 	study_indoor: size = array([0.2, 0.2])
152.5001 	EXP 	study_image_shown: size = array([0.5, 0.7])
152.5001 	EXP 	study_image_shown: image = 'all_images/3_109a.jpg'
152.5001 	EXP 	study_outdoor_selected: autoDraw = True
152.5001 	EXP 	study_outdoor: autoDraw = True
152.5001 	EXP 	study_indoor_selected: autoDraw = True
152.5001 	EXP 	study_indoor: autoDraw = True
152.5001 	EXP 	study_image_shown: autoDraw = True
155.5129 	EXP 	study_outdoor_selected: autoDraw = False
155.5129 	EXP 	study_outdoor: autoDraw = False
155.5129 	EXP 	study_indoor_selected: autoDraw = False
155.5129 	EXP 	study_indoor: autoDraw = False
155.5129 	EXP 	study_image_shown: autoDraw = False
155.5129 	EXP 	study_outdoor_selected: autoDraw = False
155.5129 	EXP 	study_outdoor: autoDraw = False
155.5129 	EXP 	study_indoor_selected: autoDraw = False
155.5129 	EXP 	study_indoor: autoDraw = False
155.5129 	EXP 	study_image_shown: autoDraw = False
155.5129 	EXP 	study_indoor_selected: opacity = 0
155.5129 	EXP 	study_outdoor_selected: opacity = 0
155.5129 	EXP 	text_14: autoDraw = True
156.5139 	EXP 	New trial (rep=36, index=0): None
156.5254 	EXP 	text_14: autoDraw = False
156.5254 	EXP 	text_14: autoDraw = False
156.5254 	EXP 	study_outdoor_selected: pos = array([ 0.4, -0.4])
156.5254 	EXP 	study_outdoor_selected: size = array([0.2, 0.2])
156.5254 	EXP 	study_outdoor: pos = array([ 0.4, -0.4])
156.5254 	EXP 	study_outdoor: size = array([0.2, 0.2])
156.5254 	EXP 	study_indoor_selected: pos = array([-0.4, -0.4])
156.5254 	EXP 	study_indoor_selected: size = array([0.2, 0.2])
156.5254 	EXP 	study_indoor: pos = array([-0.4, -0.4])
156.5254 	EXP 	study_indoor: size = array([0.2, 0.2])
156.5254 	EXP 	study_image_shown: size = array([0.5, 0.7])
156.5254 	EXP 	study_image_shown: image = 'all_images/5_174a.jpg'
156.5254 	EXP 	study_outdoor_selected: autoDraw = True
156.5254 	EXP 	study_outdoor: autoDraw = True
156.5254 	EXP 	study_indoor_selected: autoDraw = True
156.5254 	EXP 	study_indoor: autoDraw = True
156.5254 	EXP 	study_image_shown: autoDraw = True
159.5386 	EXP 	study_outdoor_selected: autoDraw = False
159.5386 	EXP 	study_outdoor: autoDraw = False
159.5386 	EXP 	study_indoor_selected: autoDraw = False
159.5386 	EXP 	study_indoor: autoDraw = False
159.5386 	EXP 	study_image_shown: autoDraw = False
159.5386 	EXP 	study_outdoor_selected: autoDraw = False
159.5386 	EXP 	study_outdoor: autoDraw = False
159.5386 	EXP 	study_indoor_selected: autoDraw = False
159.5386 	EXP 	study_indoor: autoDraw = False
159.5386 	EXP 	study_image_shown: autoDraw = False
159.5386 	EXP 	study_indoor_selected: opacity = 0
159.5386 	EXP 	study_outdoor_selected: opacity = 0
159.5386 	EXP 	text_14: autoDraw = True
160.5371 	EXP 	New trial (rep=37, index=0): None
160.5481 	EXP 	text_14: autoDraw = False
160.5481 	EXP 	text_14: autoDraw = False
160.5481 	EXP 	study_outdoor_selected: pos = array([ 0.4, -0.4])
160.5481 	EXP 	study_outdoor_selected: size = array([0.2, 0.2])
160.5481 	EXP 	study_outdoor: pos = array([ 0.4, -0.4])
160.5481 	EXP 	study_outdoor: size = array([0.2, 0.2])
160.5481 	EXP 	study_indoor_selected: pos = array([-0.4, -0.4])
160.5481 	EXP 	study_indoor_selected: size = array([0.2, 0.2])
160.5481 	EXP 	study_indoor: pos = array([-0.4, -0.4])
160.5481 	EXP 	study_indoor: size = array([0.2, 0.2])
160.5481 	EXP 	study_image_shown: size = array([0.5, 0.7])
160.5481 	EXP 	study_image_shown: image = 'all_images/6_057a.jpg'
160.5481 	EXP 	study_outdoor_selected: autoDraw = True
160.5481 	EXP 	study_outdoor: autoDraw = True
160.5481 	EXP 	study_indoor_selected: autoDraw = True
160.5481 	EXP 	study_indoor: autoDraw = True
160.5481 	EXP 	study_image_shown: autoDraw = True
163.5576 	EXP 	study_outdoor_selected: autoDraw = False
163.5576 	EXP 	study_outdoor: autoDraw = False
163.5576 	EXP 	study_indoor_selected: autoDraw = False
163.5576 	EXP 	study_indoor: autoDraw = False
163.5576 	EXP 	study_image_shown: autoDraw = False
163.5576 	EXP 	study_outdoor_selected: autoDraw = False
163.5576 	EXP 	study_outdoor: autoDraw = False
163.5576 	EXP 	study_indoor_selected: autoDraw = False
163.5576 	EXP 	study_indoor: autoDraw = False
163.5576 	EXP 	study_image_shown: autoDraw = False
163.5576 	EXP 	study_indoor_selected: opacity = 0
163.5576 	EXP 	study_outdoor_selected: opacity = 0
163.5576 	EXP 	text_14: autoDraw = True
164.5577 	EXP 	New trial (rep=38, index=0): None
164.5683 	EXP 	text_14: autoDraw = False
164.5683 	EXP 	text_14: autoDraw = False
164.5683 	EXP 	study_outdoor_selected: pos = array([ 0.4, -0.4])
164.5683 	EXP 	study_outdoor_selected: size = array([0.2, 0.2])
164.5683 	EXP 	study_outdoor: pos = array([ 0.4, -0.4])
164.5683 	EXP 	study_outdoor: size = array([0.2, 0.2])
164.5683 	EXP 	study_indoor_selected: pos = array([-0.4, -0.4])
164.5683 	EXP 	study_indoor_selected: size = array([0.2, 0.2])
164.5683 	EXP 	study_indoor: pos = array([-0.4, -0.4])
164.5683 	EXP 	study_indoor: size = array([0.2, 0.2])
164.5683 	EXP 	study_image_shown: size = array([0.5, 0.7])
164.5683 	EXP 	study_image_shown: image = 'all_images/1_159a.jpg'
164.5683 	EXP 	study_outdoor_selected: autoDraw = True
164.5683 	EXP 	study_outdoor: autoDraw = True
164.5683 	EXP 	study_indoor_selected: autoDraw = True
164.5683 	EXP 	study_indoor: autoDraw = True
164.5683 	EXP 	study_image_shown: autoDraw = True
167.5808 	EXP 	study_outdoor_selected: autoDraw = False
167.5808 	EXP 	study_outdoor: autoDraw = False
167.5808 	EXP 	study_indoor_selected: autoDraw = False
167.5808 	EXP 	study_indoor: autoDraw = False
167.5808 	EXP 	study_image_shown: autoDraw = False
167.5808 	EXP 	study_outdoor_selected: autoDraw = False
167.5808 	EXP 	study_outdoor: autoDraw = False
167.5808 	EXP 	study_indoor_selected: autoDraw = False
167.5808 	EXP 	study_indoor: autoDraw = False
167.5808 	EXP 	study_image_shown: autoDraw = False
167.5808 	EXP 	study_indoor_selected: opacity = 0
167.5808 	EXP 	study_outdoor_selected: opacity = 0
167.5808 	EXP 	text_14: autoDraw = True
168.5809 	EXP 	New trial (rep=39, index=0): None
168.5933 	EXP 	text_14: autoDraw = False
168.5933 	EXP 	text_14: autoDraw = False
168.5933 	EXP 	study_outdoor_selected: pos = array([ 0.4, -0.4])
168.5933 	EXP 	study_outdoor_selected: size = array([0.2, 0.2])
168.5933 	EXP 	study_outdoor: pos = array([ 0.4, -0.4])
168.5933 	EXP 	study_outdoor: size = array([0.2, 0.2])
168.5933 	EXP 	study_indoor_selected: pos = array([-0.4, -0.4])
168.5933 	EXP 	study_indoor_selected: size = array([0.2, 0.2])
168.5933 	EXP 	study_indoor: pos = array([-0.4, -0.4])
168.5933 	EXP 	study_indoor: size = array([0.2, 0.2])
168.5933 	EXP 	study_image_shown: size = array([0.5, 0.7])
168.5933 	EXP 	study_image_shown: image = 'all_images/1_143a.jpg'
168.5933 	EXP 	study_outdoor_selected: autoDraw = True
168.5933 	EXP 	study_outdoor: autoDraw = True
168.5933 	EXP 	study_indoor_selected: autoDraw = True
168.5933 	EXP 	study_indoor: autoDraw = True
168.5933 	EXP 	study_image_shown: autoDraw = True
171.6034 	EXP 	study_outdoor_selected: autoDraw = False
171.6034 	EXP 	study_outdoor: autoDraw = False
171.6034 	EXP 	study_indoor_selected: autoDraw = False
171.6034 	EXP 	study_indoor: autoDraw = False
171.6034 	EXP 	study_image_shown: autoDraw = False
171.6034 	EXP 	study_outdoor_selected: autoDraw = False
171.6034 	EXP 	study_outdoor: autoDraw = False
171.6034 	EXP 	study_indoor_selected: autoDraw = False
171.6034 	EXP 	study_indoor: autoDraw = False
171.6034 	EXP 	study_image_shown: autoDraw = False
171.6034 	EXP 	study_indoor_selected: opacity = 0
171.6034 	EXP 	study_outdoor_selected: opacity = 0
171.6034 	EXP 	text_14: autoDraw = True
172.6023 	EXP 	New trial (rep=40, index=0): None
172.6133 	EXP 	text_14: autoDraw = False
172.6133 	EXP 	text_14: autoDraw = False
172.6133 	EXP 	study_outdoor_selected: pos = array([ 0.4, -0.4])
172.6133 	EXP 	study_outdoor_selected: size = array([0.2, 0.2])
172.6133 	EXP 	study_outdoor: pos = array([ 0.4, -0.4])
172.6133 	EXP 	study_outdoor: size = array([0.2, 0.2])
172.6133 	EXP 	study_indoor_selected: pos = array([-0.4, -0.4])
172.6133 	EXP 	study_indoor_selected: size = array([0.2, 0.2])
172.6133 	EXP 	study_indoor: pos = array([-0.4, -0.4])
172.6133 	EXP 	study_indoor: size = array([0.2, 0.2])
172.6133 	EXP 	study_image_shown: size = array([0.5, 0.7])
172.6133 	EXP 	study_image_shown: image = 'all_images/3_079a.jpg'
172.6133 	EXP 	study_outdoor_selected: autoDraw = True
172.6133 	EXP 	study_outdoor: autoDraw = True
172.6133 	EXP 	study_indoor_selected: autoDraw = True
172.6133 	EXP 	study_indoor: autoDraw = True
172.6133 	EXP 	study_image_shown: autoDraw = True
175.6230 	EXP 	study_outdoor_selected: autoDraw = False
175.6230 	EXP 	study_outdoor: autoDraw = False
175.6230 	EXP 	study_indoor_selected: autoDraw = False
175.6230 	EXP 	study_indoor: autoDraw = False
175.6230 	EXP 	study_image_shown: autoDraw = False
175.6230 	EXP 	study_outdoor_selected: autoDraw = False
175.6230 	EXP 	study_outdoor: autoDraw = False
175.6230 	EXP 	study_indoor_selected: autoDraw = False
175.6230 	EXP 	study_indoor: autoDraw = False
175.6230 	EXP 	study_image_shown: autoDraw = False
175.6230 	EXP 	study_indoor_selected: opacity = 0
175.6230 	EXP 	study_outdoor_selected: opacity = 0
175.6230 	EXP 	text_14: autoDraw = True
176.6222 	EXP 	New trial (rep=41, index=0): None
176.6340 	EXP 	text_14: autoDraw = False
176.6340 	EXP 	text_14: autoDraw = False
176.6340 	EXP 	study_outdoor_selected: pos = array([ 0.4, -0.4])
176.6340 	EXP 	study_outdoor_selected: size = array([0.2, 0.2])
176.6340 	EXP 	study_outdoor: pos = array([ 0.4, -0.4])
176.6340 	EXP 	study_outdoor: size = array([0.2, 0.2])
176.6340 	EXP 	study_indoor_selected: pos = array([-0.4, -0.4])
176.6340 	EXP 	study_indoor_selected: size = array([0.2, 0.2])
176.6340 	EXP 	study_indoor: pos = array([-0.4, -0.4])
176.6340 	EXP 	study_indoor: size = array([0.2, 0.2])
176.6340 	EXP 	study_image_shown: size = array([0.5, 0.7])
176.6340 	EXP 	study_image_shown: image = 'all_images/F_093a.jpg'
176.6340 	EXP 	study_outdoor_selected: autoDraw = True
176.6340 	EXP 	study_outdoor: autoDraw = True
176.6340 	EXP 	study_indoor_selected: autoDraw = True
176.6340 	EXP 	study_indoor: autoDraw = True
176.6340 	EXP 	study_image_shown: autoDraw = True
179.6458 	EXP 	study_outdoor_selected: autoDraw = False
179.6458 	EXP 	study_outdoor: autoDraw = False
179.6458 	EXP 	study_indoor_selected: autoDraw = False
179.6458 	EXP 	study_indoor: autoDraw = False
179.6458 	EXP 	study_image_shown: autoDraw = False
179.6458 	EXP 	study_outdoor_selected: autoDraw = False
179.6458 	EXP 	study_outdoor: autoDraw = False
179.6458 	EXP 	study_indoor_selected: autoDraw = False
179.6458 	EXP 	study_indoor: autoDraw = False
179.6458 	EXP 	study_image_shown: autoDraw = False
179.6458 	EXP 	study_indoor_selected: opacity = 0
179.6458 	EXP 	study_outdoor_selected: opacity = 0
179.6458 	EXP 	text_14: autoDraw = True
180.6453 	EXP 	New trial (rep=42, index=0): None
180.6571 	EXP 	text_14: autoDraw = False
180.6571 	EXP 	text_14: autoDraw = False
180.6571 	EXP 	study_outdoor_selected: pos = array([ 0.4, -0.4])
180.6571 	EXP 	study_outdoor_selected: size = array([0.2, 0.2])
180.6571 	EXP 	study_outdoor: pos = array([ 0.4, -0.4])
180.6571 	EXP 	study_outdoor: size = array([0.2, 0.2])
180.6571 	EXP 	study_indoor_selected: pos = array([-0.4, -0.4])
180.6571 	EXP 	study_indoor_selected: size = array([0.2, 0.2])
180.6571 	EXP 	study_indoor: pos = array([-0.4, -0.4])
180.6571 	EXP 	study_indoor: size = array([0.2, 0.2])
180.6571 	EXP 	study_image_shown: size = array([0.5, 0.7])
180.6571 	EXP 	study_image_shown: image = 'all_images/1_160a.jpg'
180.6571 	EXP 	study_outdoor_selected: autoDraw = True
180.6571 	EXP 	study_outdoor: autoDraw = True
180.6571 	EXP 	study_indoor_selected: autoDraw = True
180.6571 	EXP 	study_indoor: autoDraw = True
180.6571 	EXP 	study_image_shown: autoDraw = True
183.6675 	EXP 	study_outdoor_selected: autoDraw = False
183.6675 	EXP 	study_outdoor: autoDraw = False
183.6675 	EXP 	study_indoor_selected: autoDraw = False
183.6675 	EXP 	study_indoor: autoDraw = False
183.6675 	EXP 	study_image_shown: autoDraw = False
183.6675 	EXP 	study_outdoor_selected: autoDraw = False
183.6675 	EXP 	study_outdoor: autoDraw = False
183.6675 	EXP 	study_indoor_selected: autoDraw = False
183.6675 	EXP 	study_indoor: autoDraw = False
183.6675 	EXP 	study_image_shown: autoDraw = False
183.6675 	EXP 	study_indoor_selected: opacity = 0
183.6675 	EXP 	study_outdoor_selected: opacity = 0
183.6675 	EXP 	text_14: autoDraw = True
184.6688 	EXP 	New trial (rep=43, index=0): None
184.6804 	EXP 	text_14: autoDraw = False
184.6804 	EXP 	text_14: autoDraw = False
184.6804 	EXP 	study_outdoor_selected: pos = array([ 0.4, -0.4])
184.6804 	EXP 	study_outdoor_selected: size = array([0.2, 0.2])
184.6804 	EXP 	study_outdoor: pos = array([ 0.4, -0.4])
184.6804 	EXP 	study_outdoor: size = array([0.2, 0.2])
184.6804 	EXP 	study_indoor_selected: pos = array([-0.4, -0.4])
184.6804 	EXP 	study_indoor_selected: size = array([0.2, 0.2])
184.6804 	EXP 	study_indoor: pos = array([-0.4, -0.4])
184.6804 	EXP 	study_indoor: size = array([0.2, 0.2])
184.6804 	EXP 	study_image_shown: size = array([0.5, 0.7])
184.6804 	EXP 	study_image_shown: image = 'all_images/2_125a.jpg'
184.6804 	EXP 	study_outdoor_selected: autoDraw = True
184.6804 	EXP 	study_outdoor: autoDraw = True
184.6804 	EXP 	study_indoor_selected: autoDraw = True
184.6804 	EXP 	study_indoor: autoDraw = True
184.6804 	EXP 	study_image_shown: autoDraw = True
187.6914 	EXP 	study_outdoor_selected: autoDraw = False
187.6914 	EXP 	study_outdoor: autoDraw = False
187.6914 	EXP 	study_indoor_selected: autoDraw = False
187.6914 	EXP 	study_indoor: autoDraw = False
187.6914 	EXP 	study_image_shown: autoDraw = False
187.6914 	EXP 	study_outdoor_selected: autoDraw = False
187.6914 	EXP 	study_outdoor: autoDraw = False
187.6914 	EXP 	study_indoor_selected: autoDraw = False
187.6914 	EXP 	study_indoor: autoDraw = False
187.6914 	EXP 	study_image_shown: autoDraw = False
187.6914 	EXP 	study_indoor_selected: opacity = 0
187.6914 	EXP 	study_outdoor_selected: opacity = 0
187.6914 	EXP 	text_14: autoDraw = True
188.6914 	EXP 	New trial (rep=44, index=0): None
188.7042 	EXP 	text_14: autoDraw = False
188.7042 	EXP 	text_14: autoDraw = False
188.7042 	EXP 	study_outdoor_selected: pos = array([ 0.4, -0.4])
188.7042 	EXP 	study_outdoor_selected: size = array([0.2, 0.2])
188.7042 	EXP 	study_outdoor: pos = array([ 0.4, -0.4])
188.7042 	EXP 	study_outdoor: size = array([0.2, 0.2])
188.7042 	EXP 	study_indoor_selected: pos = array([-0.4, -0.4])
188.7042 	EXP 	study_indoor_selected: size = array([0.2, 0.2])
188.7042 	EXP 	study_indoor: pos = array([-0.4, -0.4])
188.7042 	EXP 	study_indoor: size = array([0.2, 0.2])
188.7042 	EXP 	study_image_shown: size = array([0.5, 0.7])
188.7042 	EXP 	study_image_shown: image = 'all_images/4_192a.jpg'
188.7042 	EXP 	study_outdoor_selected: autoDraw = True
188.7042 	EXP 	study_outdoor: autoDraw = True
188.7042 	EXP 	study_indoor_selected: autoDraw = True
188.7042 	EXP 	study_indoor: autoDraw = True
188.7042 	EXP 	study_image_shown: autoDraw = True
191.7172 	EXP 	study_outdoor_selected: autoDraw = False
191.7172 	EXP 	study_outdoor: autoDraw = False
191.7172 	EXP 	study_indoor_selected: autoDraw = False
191.7172 	EXP 	study_indoor: autoDraw = False
191.7172 	EXP 	study_image_shown: autoDraw = False
191.7172 	EXP 	study_outdoor_selected: autoDraw = False
191.7172 	EXP 	study_outdoor: autoDraw = False
191.7172 	EXP 	study_indoor_selected: autoDraw = False
191.7172 	EXP 	study_indoor: autoDraw = False
191.7172 	EXP 	study_image_shown: autoDraw = False
191.7172 	EXP 	study_indoor_selected: opacity = 0
191.7172 	EXP 	study_outdoor_selected: opacity = 0
191.7172 	EXP 	text_14: autoDraw = True
192.7200 	EXP 	New trial (rep=45, index=0): None
192.7329 	EXP 	text_14: autoDraw = False
192.7329 	EXP 	text_14: autoDraw = False
192.7329 	EXP 	study_outdoor_selected: pos = array([ 0.4, -0.4])
192.7329 	EXP 	study_outdoor_selected: size = array([0.2, 0.2])
192.7329 	EXP 	study_outdoor: pos = array([ 0.4, -0.4])
192.7329 	EXP 	study_outdoor: size = array([0.2, 0.2])
192.7329 	EXP 	study_indoor_selected: pos = array([-0.4, -0.4])
192.7329 	EXP 	study_indoor_selected: size = array([0.2, 0.2])
192.7329 	EXP 	study_indoor: pos = array([-0.4, -0.4])
192.7329 	EXP 	study_indoor: size = array([0.2, 0.2])
192.7329 	EXP 	study_image_shown: size = array([0.5, 0.7])
192.7329 	EXP 	study_image_shown: image = 'all_images/3_082a.jpg'
192.7329 	EXP 	study_outdoor_selected: autoDraw = True
192.7329 	EXP 	study_outdoor: autoDraw = True
192.7329 	EXP 	study_indoor_selected: autoDraw = True
192.7329 	EXP 	study_indoor: autoDraw = True
192.7329 	EXP 	study_image_shown: autoDraw = True
195.7446 	EXP 	study_outdoor_selected: autoDraw = False
195.7446 	EXP 	study_outdoor: autoDraw = False
195.7446 	EXP 	study_indoor_selected: autoDraw = False
195.7446 	EXP 	study_indoor: autoDraw = False
195.7446 	EXP 	study_image_shown: autoDraw = False
195.7446 	EXP 	study_outdoor_selected: autoDraw = False
195.7446 	EXP 	study_outdoor: autoDraw = False
195.7446 	EXP 	study_indoor_selected: autoDraw = False
195.7446 	EXP 	study_indoor: autoDraw = False
195.7446 	EXP 	study_image_shown: autoDraw = False
195.7446 	EXP 	study_indoor_selected: opacity = 0
195.7446 	EXP 	study_outdoor_selected: opacity = 0
195.7446 	EXP 	text_14: autoDraw = True
196.7449 	EXP 	New trial (rep=46, index=0): None
196.7569 	EXP 	text_14: autoDraw = False
196.7569 	EXP 	text_14: autoDraw = False
196.7569 	EXP 	study_outdoor_selected: pos = array([ 0.4, -0.4])
196.7569 	EXP 	study_outdoor_selected: size = array([0.2, 0.2])
196.7569 	EXP 	study_outdoor: pos = array([ 0.4, -0.4])
196.7569 	EXP 	study_outdoor: size = array([0.2, 0.2])
196.7569 	EXP 	study_indoor_selected: pos = array([-0.4, -0.4])
196.7569 	EXP 	study_indoor_selected: size = array([0.2, 0.2])
196.7569 	EXP 	study_indoor: pos = array([-0.4, -0.4])
196.7569 	EXP 	study_indoor: size = array([0.2, 0.2])
196.7569 	EXP 	study_image_shown: size = array([0.5, 0.7])
196.7569 	EXP 	study_image_shown: image = 'all_images/5_075a.jpg'
196.7569 	EXP 	study_outdoor_selected: autoDraw = True
196.7569 	EXP 	study_outdoor: autoDraw = True
196.7569 	EXP 	study_indoor_selected: autoDraw = True
196.7569 	EXP 	study_indoor: autoDraw = True
196.7569 	EXP 	study_image_shown: autoDraw = True
199.7662 	EXP 	study_outdoor_selected: autoDraw = False
199.7662 	EXP 	study_outdoor: autoDraw = False
199.7662 	EXP 	study_indoor_selected: autoDraw = False
199.7662 	EXP 	study_indoor: autoDraw = False
199.7662 	EXP 	study_image_shown: autoDraw = False
199.7662 	EXP 	study_outdoor_selected: autoDraw = False
199.7662 	EXP 	study_outdoor: autoDraw = False
199.7662 	EXP 	study_indoor_selected: autoDraw = False
199.7662 	EXP 	study_indoor: autoDraw = False
199.7662 	EXP 	study_image_shown: autoDraw = False
199.7662 	EXP 	study_indoor_selected: opacity = 0
199.7662 	EXP 	study_outdoor_selected: opacity = 0
199.7662 	EXP 	text_14: autoDraw = True
200.7667 	EXP 	New trial (rep=47, index=0): None
200.7781 	EXP 	text_14: autoDraw = False
200.7781 	EXP 	text_14: autoDraw = False
200.7781 	EXP 	study_outdoor_selected: pos = array([ 0.4, -0.4])
200.7781 	EXP 	study_outdoor_selected: size = array([0.2, 0.2])
200.7781 	EXP 	study_outdoor: pos = array([ 0.4, -0.4])
200.7781 	EXP 	study_outdoor: size = array([0.2, 0.2])
200.7781 	EXP 	study_indoor_selected: pos = array([-0.4, -0.4])
200.7781 	EXP 	study_indoor_selected: size = array([0.2, 0.2])
200.7781 	EXP 	study_indoor: pos = array([-0.4, -0.4])
200.7781 	EXP 	study_indoor: size = array([0.2, 0.2])
200.7781 	EXP 	study_image_shown: size = array([0.5, 0.7])
200.7781 	EXP 	study_image_shown: image = 'all_images/4_103a.jpg'
200.7781 	EXP 	study_outdoor_selected: autoDraw = True
200.7781 	EXP 	study_outdoor: autoDraw = True
200.7781 	EXP 	study_indoor_selected: autoDraw = True
200.7781 	EXP 	study_indoor: autoDraw = True
200.7781 	EXP 	study_image_shown: autoDraw = True
203.7885 	EXP 	study_outdoor_selected: autoDraw = False
203.7885 	EXP 	study_outdoor: autoDraw = False
203.7885 	EXP 	study_indoor_selected: autoDraw = False
203.7885 	EXP 	study_indoor: autoDraw = False
203.7885 	EXP 	study_image_shown: autoDraw = False
203.7885 	EXP 	study_outdoor_selected: autoDraw = False
203.7885 	EXP 	study_outdoor: autoDraw = False
203.7885 	EXP 	study_indoor_selected: autoDraw = False
203.7885 	EXP 	study_indoor: autoDraw = False
203.7885 	EXP 	study_image_shown: autoDraw = False
203.7885 	EXP 	study_indoor_selected: opacity = 0
203.7885 	EXP 	study_outdoor_selected: opacity = 0
203.7885 	EXP 	text_14: autoDraw = True
204.7890 	EXP 	New trial (rep=48, index=0): None
204.8001 	EXP 	text_14: autoDraw = False
204.8001 	EXP 	text_14: autoDraw = False
204.8001 	EXP 	study_outdoor_selected: pos = array([ 0.4, -0.4])
204.8001 	EXP 	study_outdoor_selected: size = array([0.2, 0.2])
204.8001 	EXP 	study_outdoor: pos = array([ 0.4, -0.4])
204.8001 	EXP 	study_outdoor: size = array([0.2, 0.2])
204.8001 	EXP 	study_indoor_selected: pos = array([-0.4, -0.4])
204.8001 	EXP 	study_indoor_selected: size = array([0.2, 0.2])
204.8001 	EXP 	study_indoor: pos = array([-0.4, -0.4])
204.8001 	EXP 	study_indoor: size = array([0.2, 0.2])
204.8001 	EXP 	study_image_shown: size = array([0.5, 0.7])
204.8001 	EXP 	study_image_shown: image = 'all_images/6_037a.jpg'
204.8001 	EXP 	study_outdoor_selected: autoDraw = True
204.8001 	EXP 	study_outdoor: autoDraw = True
204.8001 	EXP 	study_indoor_selected: autoDraw = True
204.8001 	EXP 	study_indoor: autoDraw = True
204.8001 	EXP 	study_image_shown: autoDraw = True
207.8105 	EXP 	study_outdoor_selected: autoDraw = False
207.8105 	EXP 	study_outdoor: autoDraw = False
207.8105 	EXP 	study_indoor_selected: autoDraw = False
207.8105 	EXP 	study_indoor: autoDraw = False
207.8105 	EXP 	study_image_shown: autoDraw = False
207.8105 	EXP 	study_outdoor_selected: autoDraw = False
207.8105 	EXP 	study_outdoor: autoDraw = False
207.8105 	EXP 	study_indoor_selected: autoDraw = False
207.8105 	EXP 	study_indoor: autoDraw = False
207.8105 	EXP 	study_image_shown: autoDraw = False
207.8105 	EXP 	study_indoor_selected: opacity = 0
207.8105 	EXP 	study_outdoor_selected: opacity = 0
207.8105 	EXP 	text_14: autoDraw = True
208.8112 	EXP 	New trial (rep=49, index=0): None
208.8218 	EXP 	text_14: autoDraw = False
208.8218 	EXP 	text_14: autoDraw = False
208.8218 	EXP 	study_outdoor_selected: pos = array([ 0.4, -0.4])
208.8218 	EXP 	study_outdoor_selected: size = array([0.2, 0.2])
208.8218 	EXP 	study_outdoor: pos = array([ 0.4, -0.4])
208.8218 	EXP 	study_outdoor: size = array([0.2, 0.2])
208.8218 	EXP 	study_indoor_selected: pos = array([-0.4, -0.4])
208.8218 	EXP 	study_indoor_selected: size = array([0.2, 0.2])
208.8218 	EXP 	study_indoor: pos = array([-0.4, -0.4])
208.8218 	EXP 	study_indoor: size = array([0.2, 0.2])
208.8218 	EXP 	study_image_shown: size = array([0.5, 0.7])
208.8218 	EXP 	study_image_shown: image = 'all_images/3_118a.jpg'
208.8218 	EXP 	study_outdoor_selected: autoDraw = True
208.8218 	EXP 	study_outdoor: autoDraw = True
208.8218 	EXP 	study_indoor_selected: autoDraw = True
208.8218 	EXP 	study_indoor: autoDraw = True
208.8218 	EXP 	study_image_shown: autoDraw = True
211.8341 	EXP 	study_outdoor_selected: autoDraw = False
211.8341 	EXP 	study_outdoor: autoDraw = False
211.8341 	EXP 	study_indoor_selected: autoDraw = False
211.8341 	EXP 	study_indoor: autoDraw = False
211.8341 	EXP 	study_image_shown: autoDraw = False
211.8341 	EXP 	study_outdoor_selected: autoDraw = False
211.8341 	EXP 	study_outdoor: autoDraw = False
211.8341 	EXP 	study_indoor_selected: autoDraw = False
211.8341 	EXP 	study_indoor: autoDraw = False
211.8341 	EXP 	study_image_shown: autoDraw = False
211.8341 	EXP 	study_indoor_selected: opacity = 0
211.8341 	EXP 	study_outdoor_selected: opacity = 0
211.8341 	EXP 	text_14: autoDraw = True
212.8334 	EXP 	New trial (rep=50, index=0): None
212.8451 	EXP 	text_14: autoDraw = False
212.8451 	EXP 	text_14: autoDraw = False
212.8451 	EXP 	study_outdoor_selected: pos = array([ 0.4, -0.4])
212.8451 	EXP 	study_outdoor_selected: size = array([0.2, 0.2])
212.8451 	EXP 	study_outdoor: pos = array([ 0.4, -0.4])
212.8451 	EXP 	study_outdoor: size = array([0.2, 0.2])
212.8451 	EXP 	study_indoor_selected: pos = array([-0.4, -0.4])
212.8451 	EXP 	study_indoor_selected: size = array([0.2, 0.2])
212.8451 	EXP 	study_indoor: pos = array([-0.4, -0.4])
212.8451 	EXP 	study_indoor: size = array([0.2, 0.2])
212.8451 	EXP 	study_image_shown: size = array([0.5, 0.7])
212.8451 	EXP 	study_image_shown: image = 'all_images/3_155a.jpg'
212.8451 	EXP 	study_outdoor_selected: autoDraw = True
212.8451 	EXP 	study_outdoor: autoDraw = True
212.8451 	EXP 	study_indoor_selected: autoDraw = True
212.8451 	EXP 	study_indoor: autoDraw = True
212.8451 	EXP 	study_image_shown: autoDraw = True
215.1685 	DATA 	Keypress: escape
215.8419 	EXP 	window1: mouseVisible = True
215.8421 	DEBUG 	Saving data for BLAES_MST_encoding ExperimentHandler
215.8439 	INFO 	saved data to /Users/martinahollearn/Desktop/INMAN LAB/AMME/Aim 1/MST/BLAES_imageset/data/999_BLAES_MST_encoding_2022_Jan_09_1316.psydat
215.8482 	INFO 	saved data to '/Users/martinahollearn/Desktop/INMAN LAB/AMME/Aim 1/MST/BLAES_imageset/data/999_BLAES_MST_encoding_2022_Jan_09_1316.csv'
